2017-08-19 10:16:39,234 [main] INFO  c.g.e.m.h.c.ui.Html5AppCoreUIPlugin - Pluging started
2017-08-19 10:16:42,536 [Worker-0] INFO  o.e.m.c.i.i.nexus.NexusIndexManager - Updating index for repository: central|http://repo.maven.apache.org/maven2
2017-08-19 10:16:42,621 [Worker-0] INFO  c.n.h.c.p.n.NettyAsyncHttpProvider - Number of application's worked threads is 8
2017-08-19 10:16:44,540 [Worker-4] INFO  c.n.h.c.p.n.NettyAsyncHttpProvider - Number of application's worked threads is 8
2017-08-19 10:16:46,137 [New I/O client worker #2-1] INFO  o.e.m.c.i.e.AbstractTransferListenerAdapter - Downloading http://repo.maven.apache.org/maven2/org/apache/maven/maven-plugin-api/2.0.6/maven-plugin-api-2.0.6.pom
2017-08-19 10:16:46,137 [New I/O client worker #2-1] INFO  o.e.m.c.i.e.AbstractTransferListenerAdapter - Downloaded http://repo.maven.apache.org/maven2/org/apache/maven/maven-plugin-api/2.0.6/maven-plugin-api-2.0.6.pom
2017-08-19 10:16:46,463 [Worker-4] INFO  c.n.h.c.p.n.NettyAsyncHttpProvider - Number of application's worked threads is 8
2017-08-19 10:16:47,039 [New I/O client worker #3-1] INFO  o.e.m.c.i.e.AbstractTransferListenerAdapter - Downloading http://repo.maven.apache.org/maven2/org/apache/maven/maven/2.0.6/maven-2.0.6.pom
2017-08-19 10:16:47,041 [New I/O client worker #3-1] INFO  o.e.m.c.i.e.AbstractTransferListenerAdapter - Downloaded http://repo.maven.apache.org/maven2/org/apache/maven/maven/2.0.6/maven-2.0.6.pom
2017-08-19 10:16:47,320 [Worker-4] INFO  c.n.h.c.p.n.NettyAsyncHttpProvider - Number of application's worked threads is 8
2017-08-19 10:16:47,919 [New I/O client worker #4-1] INFO  o.e.m.c.i.e.AbstractTransferListenerAdapter - Downloading http://repo.maven.apache.org/maven2/org/apache/maven/maven-parent/5/maven-parent-5.pom
2017-08-19 10:16:48,214 [New I/O client worker #4-1] INFO  o.e.m.c.i.e.AbstractTransferListenerAdapter - Downloaded http://repo.maven.apache.org/maven2/org/apache/maven/maven-parent/5/maven-parent-5.pom
2017-08-19 10:16:48,551 [Worker-4] INFO  c.n.h.c.p.n.NettyAsyncHttpProvider - Number of application's worked threads is 8
2017-08-19 10:16:48,919 [New I/O client worker #5-1] INFO  o.e.m.c.i.e.AbstractTransferListenerAdapter - Downloading http://repo.maven.apache.org/maven2/org/apache/apache/3/apache-3.pom
2017-08-19 10:16:48,919 [New I/O client worker #5-1] INFO  o.e.m.c.i.e.AbstractTransferListenerAdapter - Downloaded http://repo.maven.apache.org/maven2/org/apache/apache/3/apache-3.pom
2017-08-19 10:16:49,135 [Worker-4] INFO  c.n.h.c.p.n.NettyAsyncHttpProvider - Number of application's worked threads is 8
2017-08-19 10:16:49,482 [New I/O client worker #6-1] INFO  o.e.m.c.i.e.AbstractTransferListenerAdapter - Downloading http://repo.maven.apache.org/maven2/org/apache/maven/maven-project/2.0.6/maven-project-2.0.6.pom
2017-08-19 10:16:49,482 [New I/O client worker #6-1] INFO  o.e.m.c.i.e.AbstractTransferListenerAdapter - Downloaded http://repo.maven.apache.org/maven2/org/apache/maven/maven-project/2.0.6/maven-project-2.0.6.pom
2017-08-19 10:16:49,519 [Worker-0] ERROR o.e.m.c.i.i.nexus.NexusIndexManager - Unable to update index for central|http://repo.maven.apache.org/maven2
java.io.IOException: Server returned status code 403: Forbidden
	at org.eclipse.m2e.core.internal.index.nexus.AsyncFetcher$PipedErrorInputStream.checkError(AsyncFetcher.java:251) ~[org.eclipse.m2e.core_1.4.0.me201310171809.jar:na]
	at org.eclipse.m2e.core.internal.index.nexus.AsyncFetcher$PipedErrorInputStream.read(AsyncFetcher.java:259) ~[org.eclipse.m2e.core_1.4.0.me201310171809.jar:na]
	at java.io.PipedInputStream.read(PipedInputStream.java:378) ~[na:1.7.0_45]
	at java.io.InputStream.read(InputStream.java:101) ~[na:1.7.0_45]
	at org.codehaus.plexus.util.IOUtil.copy(IOUtil.java:188) ~[plexus-utils-2.0.6.jar:na]
	at org.codehaus.plexus.util.IOUtil.copy(IOUtil.java:174) ~[plexus-utils-2.0.6.jar:na]
	at org.codehaus.plexus.util.FileUtils.copyStreamToFile(FileUtils.java:1143) ~[plexus-utils-2.0.6.jar:na]
	at org.apache.maven.index.updater.DefaultIndexUpdater$LocalCacheIndexAdaptor.addIndexChunk(DefaultIndexUpdater.java:688) ~[indexer-core-3.1.0.jar:3.1.0]
	at org.apache.maven.index.updater.DefaultIndexUpdater.fetchAndUpdateIndex(DefaultIndexUpdater.java:803) ~[indexer-core-3.1.0.jar:3.1.0]
	at org.apache.maven.index.updater.DefaultIndexUpdater.fetchAndUpdateIndex(DefaultIndexUpdater.java:135) ~[indexer-core-3.1.0.jar:3.1.0]
	at org.eclipse.m2e.core.internal.index.nexus.NexusIndexManager.updateRemoteIndex(NexusIndexManager.java:1237) [org.eclipse.m2e.core_1.4.0.me201310171809.jar:na]
	at org.eclipse.m2e.core.internal.index.nexus.NexusIndexManager.updateIndex(NexusIndexManager.java:1192) [org.eclipse.m2e.core_1.4.0.me201310171809.jar:na]
	at org.eclipse.m2e.core.internal.index.nexus.NexusIndexManager$1.run(NexusIndexManager.java:707) [org.eclipse.m2e.core_1.4.0.me201310171809.jar:na]
	at org.eclipse.m2e.core.internal.index.nexus.IndexUpdaterJob.run(IndexUpdaterJob.java:72) [org.eclipse.m2e.core_1.4.0.me201310171809.jar:na]
	at org.eclipse.core.internal.jobs.Worker.run(Worker.java:53) [org.eclipse.core.jobs_3.5.300.v20130429-1813.jar:na]
java.io.IOException: Server returned status code 403: Forbidden
	at org.eclipse.m2e.core.internal.index.nexus.AsyncFetcher$MonitorListener.onStatus(AsyncFetcher.java:281) ~[na:na]
	at com.ning.http.client.SimpleAsyncHttpClient$BodyConsumerAsyncHandler.fireStatus(SimpleAsyncHttpClient.java:828) ~[na:na]
	at com.ning.http.client.SimpleAsyncHttpClient$BodyConsumerAsyncHandler.onStatusReceived(SimpleAsyncHttpClient.java:779) ~[na:na]
	at com.ning.http.client.providers.netty.NettyAsyncHttpProvider.updateStatusAndInterrupt(NettyAsyncHttpProvider.java:1587) ~[na:na]
	at com.ning.http.client.providers.netty.NettyAsyncHttpProvider.messageReceived(NettyAsyncHttpProvider.java:1242) ~[na:na]
	at org.jboss.netty.channel.SimpleChannelUpstreamHandler.handleUpstream(SimpleChannelUpstreamHandler.java:80) ~[na:na]
	at org.jboss.netty.channel.DefaultChannelPipeline.sendUpstream(DefaultChannelPipeline.java:564) ~[na:na]
	at org.jboss.netty.channel.DefaultChannelPipeline$DefaultChannelHandlerContext.sendUpstream(DefaultChannelPipeline.java:783) ~[na:na]
	at org.jboss.netty.handler.stream.ChunkedWriteHandler.handleUpstream(ChunkedWriteHandler.java:149) ~[na:na]
	at org.jboss.netty.channel.DefaultChannelPipeline.sendUpstream(DefaultChannelPipeline.java:564) ~[na:na]
	at org.jboss.netty.channel.DefaultChannelPipeline$DefaultChannelHandlerContext.sendUpstream(DefaultChannelPipeline.java:783) ~[na:na]
	at org.jboss.netty.handler.codec.http.HttpContentDecoder.messageReceived(HttpContentDecoder.java:104) ~[na:na]
	at org.jboss.netty.channel.SimpleChannelUpstreamHandler.handleUpstream(SimpleChannelUpstreamHandler.java:80) ~[na:na]
	at org.jboss.netty.channel.DefaultChannelPipeline.sendUpstream(DefaultChannelPipeline.java:564) ~[na:na]
	at org.jboss.netty.channel.DefaultChannelPipeline$DefaultChannelHandlerContext.sendUpstream(DefaultChannelPipeline.java:783) ~[na:na]
	at org.jboss.netty.channel.Channels.fireMessageReceived(Channels.java:302) ~[na:na]
	at org.jboss.netty.handler.codec.replay.ReplayingDecoder.unfoldAndFireMessageReceived(ReplayingDecoder.java:522) ~[na:na]
	at org.jboss.netty.handler.codec.replay.ReplayingDecoder.callDecode(ReplayingDecoder.java:506) ~[na:na]
	at org.jboss.netty.handler.codec.replay.ReplayingDecoder.messageReceived(ReplayingDecoder.java:443) ~[na:na]
	at org.jboss.netty.channel.SimpleChannelUpstreamHandler.handleUpstream(SimpleChannelUpstreamHandler.java:80) ~[na:na]
	at org.jboss.netty.handler.codec.http.HttpClientCodec.handleUpstream(HttpClientCodec.java:77) ~[na:na]
	at org.jboss.netty.channel.DefaultChannelPipeline.sendUpstream(DefaultChannelPipeline.java:564) ~[na:na]
	at org.jboss.netty.channel.DefaultChannelPipeline.sendUpstream(DefaultChannelPipeline.java:559) ~[na:na]
	at org.jboss.netty.channel.Channels.fireMessageReceived(Channels.java:274) ~[na:na]
	at org.jboss.netty.channel.Channels.fireMessageReceived(Channels.java:261) ~[na:na]
	at org.jboss.netty.channel.socket.nio.NioWorker.read(NioWorker.java:349) ~[na:na]
	at org.jboss.netty.channel.socket.nio.NioWorker.processSelectedKeys(NioWorker.java:280) ~[na:na]
	at org.jboss.netty.channel.socket.nio.NioWorker.run(NioWorker.java:200) ~[na:na]
	at org.jboss.netty.util.ThreadRenamingRunnable.run(ThreadRenamingRunnable.java:108) ~[na:na]
	at org.jboss.netty.util.internal.DeadLockProofWorker$1.run(DeadLockProofWorker.java:44) ~[na:na]
	at java.util.concurrent.ThreadPoolExecutor.runWorker(ThreadPoolExecutor.java:1145) ~[na:1.7.0_45]
	at java.util.concurrent.ThreadPoolExecutor$Worker.run(ThreadPoolExecutor.java:615) ~[na:1.7.0_45]
	at java.lang.Thread.run(Thread.java:744) ~[na:1.7.0_45]
2017-08-19 10:16:49,735 [Worker-4] INFO  c.n.h.c.p.n.NettyAsyncHttpProvider - Number of application's worked threads is 8
2017-08-19 10:16:50,097 [New I/O client worker #7-1] INFO  o.e.m.c.i.e.AbstractTransferListenerAdapter - Downloading http://repo.maven.apache.org/maven2/org/apache/maven/maven-settings/2.0.6/maven-settings-2.0.6.pom
2017-08-19 10:16:50,097 [New I/O client worker #7-1] INFO  o.e.m.c.i.e.AbstractTransferListenerAdapter - Downloaded http://repo.maven.apache.org/maven2/org/apache/maven/maven-settings/2.0.6/maven-settings-2.0.6.pom
2017-08-19 10:16:50,319 [Worker-4] INFO  c.n.h.c.p.n.NettyAsyncHttpProvider - Number of application's worked threads is 8
2017-08-19 10:16:50,681 [New I/O client worker #8-1] INFO  o.e.m.c.i.e.AbstractTransferListenerAdapter - Downloading http://repo.maven.apache.org/maven2/org/apache/maven/maven-model/2.0.6/maven-model-2.0.6.pom
2017-08-19 10:16:50,681 [New I/O client worker #8-1] INFO  o.e.m.c.i.e.AbstractTransferListenerAdapter - Downloaded http://repo.maven.apache.org/maven2/org/apache/maven/maven-model/2.0.6/maven-model-2.0.6.pom
2017-08-19 10:16:50,919 [Worker-4] INFO  c.n.h.c.p.n.NettyAsyncHttpProvider - Number of application's worked threads is 8
2017-08-19 10:16:51,282 [New I/O client worker #9-1] INFO  o.e.m.c.i.e.AbstractTransferListenerAdapter - Downloading http://repo.maven.apache.org/maven2/org/codehaus/plexus/plexus-utils/1.4.1/plexus-utils-1.4.1.pom
2017-08-19 10:16:51,282 [New I/O client worker #9-1] INFO  o.e.m.c.i.e.AbstractTransferListenerAdapter - Downloaded http://repo.maven.apache.org/maven2/org/codehaus/plexus/plexus-utils/1.4.1/plexus-utils-1.4.1.pom
2017-08-19 10:16:51,497 [Worker-4] INFO  c.n.h.c.p.n.NettyAsyncHttpProvider - Number of application's worked threads is 8
2017-08-19 10:16:51,850 [New I/O client worker #10-1] INFO  o.e.m.c.i.e.AbstractTransferListenerAdapter - Downloading http://repo.maven.apache.org/maven2/org/codehaus/plexus/plexus/1.0.11/plexus-1.0.11.pom
2017-08-19 10:16:51,850 [New I/O client worker #10-1] INFO  o.e.m.c.i.e.AbstractTransferListenerAdapter - Downloaded http://repo.maven.apache.org/maven2/org/codehaus/plexus/plexus/1.0.11/plexus-1.0.11.pom
2017-08-19 10:16:52,098 [Worker-4] INFO  c.n.h.c.p.n.NettyAsyncHttpProvider - Number of application's worked threads is 8
2017-08-19 10:16:52,435 [New I/O client worker #11-1] INFO  o.e.m.c.i.e.AbstractTransferListenerAdapter - Downloading http://repo.maven.apache.org/maven2/org/codehaus/plexus/plexus-container-default/1.0-alpha-9-stable-1/plexus-container-default-1.0-alpha-9-stable-1.pom
2017-08-19 10:16:52,435 [New I/O client worker #11-1] INFO  o.e.m.c.i.e.AbstractTransferListenerAdapter - Downloaded http://repo.maven.apache.org/maven2/org/codehaus/plexus/plexus-container-default/1.0-alpha-9-stable-1/plexus-container-default-1.0-alpha-9-stable-1.pom
2017-08-19 10:16:52,667 [Worker-4] INFO  c.n.h.c.p.n.NettyAsyncHttpProvider - Number of application's worked threads is 8
2017-08-19 10:16:53,022 [New I/O client worker #12-1] INFO  o.e.m.c.i.e.AbstractTransferListenerAdapter - Downloading http://repo.maven.apache.org/maven2/org/codehaus/plexus/plexus-containers/1.0.3/plexus-containers-1.0.3.pom
2017-08-19 10:16:53,022 [New I/O client worker #12-1] INFO  o.e.m.c.i.e.AbstractTransferListenerAdapter - Downloaded http://repo.maven.apache.org/maven2/org/codehaus/plexus/plexus-containers/1.0.3/plexus-containers-1.0.3.pom
2017-08-19 10:16:53,237 [Worker-4] INFO  c.n.h.c.p.n.NettyAsyncHttpProvider - Number of application's worked threads is 8
2017-08-19 10:16:53,584 [New I/O client worker #13-1] INFO  o.e.m.c.i.e.AbstractTransferListenerAdapter - Downloading http://repo.maven.apache.org/maven2/org/codehaus/plexus/plexus/1.0.4/plexus-1.0.4.pom
2017-08-19 10:16:53,584 [New I/O client worker #13-1] INFO  o.e.m.c.i.e.AbstractTransferListenerAdapter - Downloaded http://repo.maven.apache.org/maven2/org/codehaus/plexus/plexus/1.0.4/plexus-1.0.4.pom
2017-08-19 10:16:53,816 [Worker-4] INFO  c.n.h.c.p.n.NettyAsyncHttpProvider - Number of application's worked threads is 8
2017-08-19 10:16:54,153 [New I/O client worker #14-1] INFO  o.e.m.c.i.e.AbstractTransferListenerAdapter - Downloading http://repo.maven.apache.org/maven2/junit/junit/3.8.1/junit-3.8.1.pom
2017-08-19 10:16:54,153 [New I/O client worker #14-1] INFO  o.e.m.c.i.e.AbstractTransferListenerAdapter - Downloaded http://repo.maven.apache.org/maven2/junit/junit/3.8.1/junit-3.8.1.pom
2017-08-19 10:16:54,384 [Worker-4] INFO  c.n.h.c.p.n.NettyAsyncHttpProvider - Number of application's worked threads is 8
2017-08-19 10:16:54,721 [New I/O client worker #15-1] INFO  o.e.m.c.i.e.AbstractTransferListenerAdapter - Downloading http://repo.maven.apache.org/maven2/org/codehaus/plexus/plexus-utils/1.0.4/plexus-utils-1.0.4.pom
2017-08-19 10:16:54,721 [New I/O client worker #15-1] INFO  o.e.m.c.i.e.AbstractTransferListenerAdapter - Downloaded http://repo.maven.apache.org/maven2/org/codehaus/plexus/plexus-utils/1.0.4/plexus-utils-1.0.4.pom
2017-08-19 10:16:54,953 [Worker-4] INFO  c.n.h.c.p.n.NettyAsyncHttpProvider - Number of application's worked threads is 8
2017-08-19 10:16:55,284 [New I/O client worker #16-1] INFO  o.e.m.c.i.e.AbstractTransferListenerAdapter - Downloading http://repo.maven.apache.org/maven2/classworlds/classworlds/1.1-alpha-2/classworlds-1.1-alpha-2.pom
2017-08-19 10:16:55,300 [New I/O client worker #16-1] INFO  o.e.m.c.i.e.AbstractTransferListenerAdapter - Downloaded http://repo.maven.apache.org/maven2/classworlds/classworlds/1.1-alpha-2/classworlds-1.1-alpha-2.pom
2017-08-19 10:16:55,518 [Worker-4] INFO  c.n.h.c.p.n.NettyAsyncHttpProvider - Number of application's worked threads is 8
2017-08-19 10:16:55,822 [New I/O client worker #17-1] INFO  o.e.m.c.i.e.AbstractTransferListenerAdapter - Downloading http://repo.maven.apache.org/maven2/org/apache/maven/maven-profile/2.0.6/maven-profile-2.0.6.pom
2017-08-19 10:16:55,822 [New I/O client worker #17-1] INFO  o.e.m.c.i.e.AbstractTransferListenerAdapter - Downloaded http://repo.maven.apache.org/maven2/org/apache/maven/maven-profile/2.0.6/maven-profile-2.0.6.pom
2017-08-19 10:16:56,038 [Worker-4] INFO  c.n.h.c.p.n.NettyAsyncHttpProvider - Number of application's worked threads is 8
2017-08-19 10:16:56,322 [New I/O client worker #18-1] INFO  o.e.m.c.i.e.AbstractTransferListenerAdapter - Downloading http://repo.maven.apache.org/maven2/org/apache/maven/maven-artifact-manager/2.0.6/maven-artifact-manager-2.0.6.pom
2017-08-19 10:16:56,322 [New I/O client worker #18-1] INFO  o.e.m.c.i.e.AbstractTransferListenerAdapter - Downloaded http://repo.maven.apache.org/maven2/org/apache/maven/maven-artifact-manager/2.0.6/maven-artifact-manager-2.0.6.pom
2017-08-19 10:16:56,501 [Worker-4] INFO  c.n.h.c.p.n.NettyAsyncHttpProvider - Number of application's worked threads is 8
2017-08-19 10:16:56,837 [New I/O client worker #19-1] INFO  o.e.m.c.i.e.AbstractTransferListenerAdapter - Downloading http://repo.maven.apache.org/maven2/org/apache/maven/maven-repository-metadata/2.0.6/maven-repository-metadata-2.0.6.pom
2017-08-19 10:16:56,837 [New I/O client worker #19-1] INFO  o.e.m.c.i.e.AbstractTransferListenerAdapter - Downloaded http://repo.maven.apache.org/maven2/org/apache/maven/maven-repository-metadata/2.0.6/maven-repository-metadata-2.0.6.pom
2017-08-19 10:16:57,053 [Worker-4] INFO  c.n.h.c.p.n.NettyAsyncHttpProvider - Number of application's worked threads is 8
2017-08-19 10:16:57,438 [New I/O client worker #20-1] INFO  o.e.m.c.i.e.AbstractTransferListenerAdapter - Downloading http://repo.maven.apache.org/maven2/org/apache/maven/maven-artifact/2.0.6/maven-artifact-2.0.6.pom
2017-08-19 10:16:57,438 [New I/O client worker #20-1] INFO  o.e.m.c.i.e.AbstractTransferListenerAdapter - Downloaded http://repo.maven.apache.org/maven2/org/apache/maven/maven-artifact/2.0.6/maven-artifact-2.0.6.pom
2017-08-19 10:16:57,669 [Worker-4] INFO  c.n.h.c.p.n.NettyAsyncHttpProvider - Number of application's worked threads is 8
2017-08-19 10:16:58,001 [New I/O client worker #21-1] INFO  o.e.m.c.i.e.AbstractTransferListenerAdapter - Downloading http://repo.maven.apache.org/maven2/org/apache/maven/maven-plugin-registry/2.0.6/maven-plugin-registry-2.0.6.pom
2017-08-19 10:16:58,001 [New I/O client worker #21-1] INFO  o.e.m.c.i.e.AbstractTransferListenerAdapter - Downloaded http://repo.maven.apache.org/maven2/org/apache/maven/maven-plugin-registry/2.0.6/maven-plugin-registry-2.0.6.pom
2017-08-19 10:16:58,223 [Worker-4] INFO  c.n.h.c.p.n.NettyAsyncHttpProvider - Number of application's worked threads is 8
2017-08-19 10:16:58,522 [New I/O client worker #22-1] INFO  o.e.m.c.i.e.AbstractTransferListenerAdapter - Downloading http://repo.maven.apache.org/maven2/org/codehaus/plexus/plexus-utils/2.0.5/plexus-utils-2.0.5.pom
2017-08-19 10:16:58,522 [New I/O client worker #22-1] INFO  o.e.m.c.i.e.AbstractTransferListenerAdapter - Downloaded http://repo.maven.apache.org/maven2/org/codehaus/plexus/plexus-utils/2.0.5/plexus-utils-2.0.5.pom
2017-08-19 10:16:58,720 [Worker-4] INFO  c.n.h.c.p.n.NettyAsyncHttpProvider - Number of application's worked threads is 8
2017-08-19 10:16:59,054 [New I/O client worker #23-1] INFO  o.e.m.c.i.e.AbstractTransferListenerAdapter - Downloading http://repo.maven.apache.org/maven2/org/codehaus/plexus/plexus/2.0.6/plexus-2.0.6.pom
2017-08-19 10:16:59,230 [New I/O client worker #23-1] INFO  o.e.m.c.i.e.AbstractTransferListenerAdapter - Downloaded http://repo.maven.apache.org/maven2/org/codehaus/plexus/plexus/2.0.6/plexus-2.0.6.pom
2017-08-19 10:16:59,451 [Worker-4] INFO  c.n.h.c.p.n.NettyAsyncHttpProvider - Number of application's worked threads is 8
2017-08-19 10:16:59,736 [New I/O client worker #24-1] INFO  o.e.m.c.i.e.AbstractTransferListenerAdapter - Downloading http://repo.maven.apache.org/maven2/org/codehaus/plexus/plexus-digest/1.0/plexus-digest-1.0.pom
2017-08-19 10:16:59,736 [New I/O client worker #24-1] INFO  o.e.m.c.i.e.AbstractTransferListenerAdapter - Downloaded http://repo.maven.apache.org/maven2/org/codehaus/plexus/plexus-digest/1.0/plexus-digest-1.0.pom
2017-08-19 10:16:59,898 [Worker-4] INFO  c.n.h.c.p.n.NettyAsyncHttpProvider - Number of application's worked threads is 8
2017-08-19 10:17:00,236 [New I/O client worker #25-1] INFO  o.e.m.c.i.e.AbstractTransferListenerAdapter - Downloading http://repo.maven.apache.org/maven2/org/codehaus/plexus/plexus-components/1.1.7/plexus-components-1.1.7.pom
2017-08-19 10:17:00,236 [New I/O client worker #25-1] INFO  o.e.m.c.i.e.AbstractTransferListenerAdapter - Downloaded http://repo.maven.apache.org/maven2/org/codehaus/plexus/plexus-components/1.1.7/plexus-components-1.1.7.pom
2017-08-19 10:17:00,436 [Worker-4] INFO  c.n.h.c.p.n.NettyAsyncHttpProvider - Number of application's worked threads is 8
2017-08-19 10:17:00,734 [New I/O client worker #26-1] INFO  o.e.m.c.i.e.AbstractTransferListenerAdapter - Downloading http://repo.maven.apache.org/maven2/org/codehaus/plexus/plexus/1.0.8/plexus-1.0.8.pom
2017-08-19 10:17:00,736 [New I/O client worker #26-1] INFO  o.e.m.c.i.e.AbstractTransferListenerAdapter - Downloaded http://repo.maven.apache.org/maven2/org/codehaus/plexus/plexus/1.0.8/plexus-1.0.8.pom
2017-08-19 10:17:00,931 [Worker-4] INFO  c.n.h.c.p.n.NettyAsyncHttpProvider - Number of application's worked threads is 8
2017-08-19 10:17:01,298 [New I/O client worker #27-1] INFO  o.e.m.c.i.e.AbstractTransferListenerAdapter - Downloading http://repo.maven.apache.org/maven2/org/codehaus/plexus/plexus-container-default/1.0-alpha-8/plexus-container-default-1.0-alpha-8.pom
2017-08-19 10:17:01,298 [New I/O client worker #27-1] INFO  o.e.m.c.i.e.AbstractTransferListenerAdapter - Downloaded http://repo.maven.apache.org/maven2/org/codehaus/plexus/plexus-container-default/1.0-alpha-8/plexus-container-default-1.0-alpha-8.pom
2017-08-19 10:17:01,551 [Worker-4] INFO  c.n.h.c.p.n.NettyAsyncHttpProvider - Number of application's worked threads is 8
2017-08-19 10:17:01,851 [New I/O client worker #28-1] INFO  o.e.m.c.i.e.AbstractTransferListenerAdapter - Downloading http://repo.maven.apache.org/maven2/junit/junit/3.8.1/junit-3.8.1.jar
2017-08-19 10:17:01,882 [New I/O client worker #28-3] INFO  o.e.m.c.i.e.AbstractTransferListenerAdapter - Downloading http://repo.maven.apache.org/maven2/org/codehaus/plexus/plexus-digest/1.0/plexus-digest-1.0.jar
2017-08-19 10:17:01,882 [New I/O client worker #28-3] INFO  o.e.m.c.i.e.AbstractTransferListenerAdapter - Downloaded http://repo.maven.apache.org/maven2/org/codehaus/plexus/plexus-digest/1.0/plexus-digest-1.0.jar
2017-08-19 10:17:01,913 [New I/O client worker #28-2] INFO  o.e.m.c.i.e.AbstractTransferListenerAdapter - Downloading http://repo.maven.apache.org/maven2/org/codehaus/plexus/plexus-utils/2.0.5/plexus-utils-2.0.5.jar
2017-08-19 10:17:02,335 [New I/O client worker #28-1] INFO  o.e.m.c.i.e.AbstractTransferListenerAdapter - Downloaded http://repo.maven.apache.org/maven2/junit/junit/3.8.1/junit-3.8.1.jar
2017-08-19 10:17:02,636 [New I/O client worker #28-2] INFO  o.e.m.c.i.e.AbstractTransferListenerAdapter - Downloaded http://repo.maven.apache.org/maven2/org/codehaus/plexus/plexus-utils/2.0.5/plexus-utils-2.0.5.jar
2017-08-19 10:17:03,136 [Worker-4] INFO  o.e.m.c.i.embedder.EclipseLogger - Installing E:\MyEclipse Professional 2014\plugins\com.genuitec.eclipse.icefaces_11.0.1.me201308151823\data\1.8.0\ICEfaces\icefaces.jar to C:\Users\whw\.m2\repository\org\icefaces\icefaces\1.8.0\icefaces-1.8.0.jar
2017-08-19 10:17:03,199 [Worker-4] INFO  o.e.m.c.i.embedder.EclipseLogger - Installing C:\Users\whw\AppData\Local\Temp\mvninstall169746066418002349.pom to C:\Users\whw\.m2\repository\org\icefaces\icefaces\1.8.0\icefaces-1.8.0.pom
2017-08-19 10:17:03,214 [Worker-4] INFO  c.n.h.c.p.n.NettyAsyncHttpProvider - Number of application's worked threads is 8
2017-08-19 10:17:03,583 [New I/O client worker #29-1] INFO  o.e.m.c.i.e.AbstractTransferListenerAdapter - Downloaded http://repo.maven.apache.org/maven2/org/icefaces/icefaces/1.7.2/icefaces-1.7.2.jar
2017-08-19 10:17:03,599 [Worker-4] INFO  o.e.m.c.i.embedder.EclipseLogger - Installing E:\MyEclipse Professional 2014\plugins\com.genuitec.eclipse.icefaces_11.0.1.me201308151823\data\1.7.2\ICEfaces\icefaces.jar to C:\Users\whw\.m2\repository\org\icefaces\icefaces\1.7.2\icefaces-1.7.2.jar
2017-08-19 10:17:03,668 [Worker-4] INFO  o.e.m.c.i.embedder.EclipseLogger - Installing C:\Users\whw\AppData\Local\Temp\mvninstall5748242811057562151.pom to C:\Users\whw\.m2\repository\org\icefaces\icefaces\1.7.2\icefaces-1.7.2.pom
2017-08-19 10:17:03,683 [Worker-4] INFO  c.n.h.c.p.n.NettyAsyncHttpProvider - Number of application's worked threads is 8
2017-08-19 10:17:04,027 [New I/O client worker #30-1] INFO  o.e.m.c.i.e.AbstractTransferListenerAdapter - Downloaded http://repo.maven.apache.org/maven2/org/icefaces/icefaces/1.7.1/icefaces-1.7.1.jar
2017-08-19 10:17:04,042 [Worker-4] INFO  o.e.m.c.i.embedder.EclipseLogger - Installing E:\MyEclipse Professional 2014\plugins\com.genuitec.eclipse.icefaces_11.0.1.me201308151823\data\1.7.1\ICEfaces\icefaces.jar to C:\Users\whw\.m2\repository\org\icefaces\icefaces\1.7.1\icefaces-1.7.1.jar
2017-08-19 10:17:04,089 [Worker-4] INFO  o.e.m.c.i.embedder.EclipseLogger - Installing C:\Users\whw\AppData\Local\Temp\mvninstall7318784566785255087.pom to C:\Users\whw\.m2\repository\org\icefaces\icefaces\1.7.1\icefaces-1.7.1.pom
2017-08-19 10:17:04,105 [Worker-4] INFO  c.n.h.c.p.n.NettyAsyncHttpProvider - Number of application's worked threads is 8
2017-08-19 10:17:04,443 [New I/O client worker #31-1] INFO  o.e.m.c.i.e.AbstractTransferListenerAdapter - Downloaded http://repo.maven.apache.org/maven2/org/icefaces/icefaces/1.7.0/icefaces-1.7.0.jar
2017-08-19 10:17:04,458 [Worker-4] INFO  o.e.m.c.i.embedder.EclipseLogger - Installing E:\MyEclipse Professional 2014\plugins\com.genuitec.eclipse.icefaces_11.0.1.me201308151823\data\1.7.0\ICEfaces\icefaces.jar to C:\Users\whw\.m2\repository\org\icefaces\icefaces\1.7.0\icefaces-1.7.0.jar
2017-08-19 10:17:04,574 [Worker-4] INFO  o.e.m.c.i.embedder.EclipseLogger - Installing C:\Users\whw\AppData\Local\Temp\mvninstall2769303208189005099.pom to C:\Users\whw\.m2\repository\org\icefaces\icefaces\1.7.0\icefaces-1.7.0.pom
2017-08-19 10:17:04,590 [Worker-4] INFO  c.n.h.c.p.n.NettyAsyncHttpProvider - Number of application's worked threads is 8
2017-08-19 10:17:04,975 [New I/O client worker #32-1] INFO  o.e.m.c.i.e.AbstractTransferListenerAdapter - Downloaded http://repo.maven.apache.org/maven2/org/icefaces/icefaces/1.6.2/icefaces-1.6.2.jar
2017-08-19 10:17:04,991 [Worker-4] INFO  o.e.m.c.i.embedder.EclipseLogger - Installing E:\MyEclipse Professional 2014\plugins\com.genuitec.eclipse.icefaces_11.0.1.me201308151823\data\1.6.2\ICEfaces\icefaces.jar to C:\Users\whw\.m2\repository\org\icefaces\icefaces\1.6.2\icefaces-1.6.2.jar
2017-08-19 10:17:05,028 [Worker-4] INFO  o.e.m.c.i.embedder.EclipseLogger - Installing C:\Users\whw\AppData\Local\Temp\mvninstall6582333387326592988.pom to C:\Users\whw\.m2\repository\org\icefaces\icefaces\1.6.2\icefaces-1.6.2.pom
2017-08-19 10:17:05,044 [Worker-4] INFO  c.n.h.c.p.n.NettyAsyncHttpProvider - Number of application's worked threads is 8
2017-08-19 10:17:05,391 [New I/O client worker #33-1] INFO  o.e.m.c.i.e.AbstractTransferListenerAdapter - Downloaded http://repo.maven.apache.org/maven2/org/icefaces/icefaces/1.6.1/icefaces-1.6.1.jar
2017-08-19 10:17:05,428 [Worker-4] INFO  o.e.m.c.i.embedder.EclipseLogger - Installing E:\MyEclipse Professional 2014\plugins\com.genuitec.eclipse.icefaces_11.0.1.me201308151823\data\1.6.1\ICEfaces\icefaces.jar to C:\Users\whw\.m2\repository\org\icefaces\icefaces\1.6.1\icefaces-1.6.1.jar
2017-08-19 10:17:05,475 [Worker-4] INFO  o.e.m.c.i.embedder.EclipseLogger - Installing C:\Users\whw\AppData\Local\Temp\mvninstall8261732334740614199.pom to C:\Users\whw\.m2\repository\org\icefaces\icefaces\1.6.1\icefaces-1.6.1.pom
2017-08-19 10:17:05,491 [Worker-4] INFO  c.n.h.c.p.n.NettyAsyncHttpProvider - Number of application's worked threads is 8
2017-08-19 10:17:05,828 [New I/O client worker #34-1] INFO  o.e.m.c.i.e.AbstractTransferListenerAdapter - Downloaded http://repo.maven.apache.org/maven2/org/icepush/icepush/2.0.2/icepush-2.0.2.jar
2017-08-19 10:17:05,875 [Worker-4] INFO  o.e.m.c.i.embedder.EclipseLogger - Installing E:\MyEclipse Professional 2014\plugins\com.genuitec.eclipse.icefaces_11.0.1.me201308151823\data\org.icepush\icepush\2.0\icepush.jar to C:\Users\whw\.m2\repository\org\icepush\icepush\2.0.2\icepush-2.0.2.jar
2017-08-19 10:17:05,928 [Worker-4] INFO  o.e.m.c.i.embedder.EclipseLogger - Installing C:\Users\whw\AppData\Local\Temp\mvninstall178194415338128429.pom to C:\Users\whw\.m2\repository\org\icepush\icepush\2.0.2\icepush-2.0.2.pom
2017-08-19 10:17:05,928 [Worker-4] INFO  c.n.h.c.p.n.NettyAsyncHttpProvider - Number of application's worked threads is 8
2017-08-19 10:17:06,311 [New I/O client worker #35-1] INFO  o.e.m.c.i.e.AbstractTransferListenerAdapter - Downloaded http://repo.maven.apache.org/maven2/org/icefaces/icefaces-comps/1.8.0/icefaces-comps-1.8.0.jar
2017-08-19 10:17:06,333 [Worker-4] INFO  o.e.m.c.i.embedder.EclipseLogger - Installing E:\MyEclipse Professional 2014\plugins\com.genuitec.eclipse.icefaces_11.0.1.me201308151823\data\1.8.0\ICEfaces\icefaces-comps.jar to C:\Users\whw\.m2\repository\org\icefaces\icefaces-comps\1.8.0\icefaces-comps-1.8.0.jar
2017-08-19 10:17:06,396 [Worker-4] INFO  o.e.m.c.i.embedder.EclipseLogger - Installing C:\Users\whw\AppData\Local\Temp\mvninstall5865124773981826788.pom to C:\Users\whw\.m2\repository\org\icefaces\icefaces-comps\1.8.0\icefaces-comps-1.8.0.pom
2017-08-19 10:17:06,411 [Worker-4] INFO  c.n.h.c.p.n.NettyAsyncHttpProvider - Number of application's worked threads is 8
2017-08-19 10:17:06,736 [New I/O client worker #36-1] INFO  o.e.m.c.i.e.AbstractTransferListenerAdapter - Downloaded http://repo.maven.apache.org/maven2/org/icefaces/icefaces-comps/1.7.2/icefaces-comps-1.7.2.jar
2017-08-19 10:17:06,783 [Worker-4] INFO  o.e.m.c.i.embedder.EclipseLogger - Installing E:\MyEclipse Professional 2014\plugins\com.genuitec.eclipse.icefaces_11.0.1.me201308151823\data\1.7.2\ICEfaces\icefaces-comps.jar to C:\Users\whw\.m2\repository\org\icefaces\icefaces-comps\1.7.2\icefaces-comps-1.7.2.jar
2017-08-19 10:17:06,837 [Worker-4] INFO  o.e.m.c.i.embedder.EclipseLogger - Installing C:\Users\whw\AppData\Local\Temp\mvninstall8184928919547022270.pom to C:\Users\whw\.m2\repository\org\icefaces\icefaces-comps\1.7.2\icefaces-comps-1.7.2.pom
2017-08-19 10:17:06,853 [Worker-4] INFO  c.n.h.c.p.n.NettyAsyncHttpProvider - Number of application's worked threads is 8
2017-08-19 10:17:07,184 [New I/O client worker #37-1] INFO  o.e.m.c.i.e.AbstractTransferListenerAdapter - Downloaded http://repo.maven.apache.org/maven2/org/icefaces/icefaces-comps/1.7.1/icefaces-comps-1.7.1.jar
2017-08-19 10:17:07,215 [Worker-4] INFO  o.e.m.c.i.embedder.EclipseLogger - Installing E:\MyEclipse Professional 2014\plugins\com.genuitec.eclipse.icefaces_11.0.1.me201308151823\data\1.7.1\ICEfaces\icefaces-comps.jar to C:\Users\whw\.m2\repository\org\icefaces\icefaces-comps\1.7.1\icefaces-comps-1.7.1.jar
2017-08-19 10:17:07,268 [Worker-4] INFO  o.e.m.c.i.embedder.EclipseLogger - Installing C:\Users\whw\AppData\Local\Temp\mvninstall3682834111059709102.pom to C:\Users\whw\.m2\repository\org\icefaces\icefaces-comps\1.7.1\icefaces-comps-1.7.1.pom
2017-08-19 10:17:07,284 [Worker-4] INFO  c.n.h.c.p.n.NettyAsyncHttpProvider - Number of application's worked threads is 8
2017-08-19 10:17:07,568 [New I/O client worker #38-1] INFO  o.e.m.c.i.e.AbstractTransferListenerAdapter - Downloaded http://repo.maven.apache.org/maven2/org/icefaces/icefaces-comps/1.7.0/icefaces-comps-1.7.0.jar
2017-08-19 10:17:07,615 [Worker-4] INFO  o.e.m.c.i.embedder.EclipseLogger - Installing E:\MyEclipse Professional 2014\plugins\com.genuitec.eclipse.icefaces_11.0.1.me201308151823\data\1.7.0\ICEfaces\icefaces-comps.jar to C:\Users\whw\.m2\repository\org\icefaces\icefaces-comps\1.7.0\icefaces-comps-1.7.0.jar
2017-08-19 10:17:07,669 [Worker-4] INFO  o.e.m.c.i.embedder.EclipseLogger - Installing C:\Users\whw\AppData\Local\Temp\mvninstall4847917255399632572.pom to C:\Users\whw\.m2\repository\org\icefaces\icefaces-comps\1.7.0\icefaces-comps-1.7.0.pom
2017-08-19 10:17:07,684 [Worker-4] INFO  c.n.h.c.p.n.NettyAsyncHttpProvider - Number of application's worked threads is 8
2017-08-19 10:17:07,969 [New I/O client worker #39-1] INFO  o.e.m.c.i.e.AbstractTransferListenerAdapter - Downloaded http://repo.maven.apache.org/maven2/org/icefaces/icefaces-comps/1.6.2/icefaces-comps-1.6.2.jar
2017-08-19 10:17:08,000 [Worker-4] INFO  o.e.m.c.i.embedder.EclipseLogger - Installing E:\MyEclipse Professional 2014\plugins\com.genuitec.eclipse.icefaces_11.0.1.me201308151823\data\1.6.2\ICEfaces\icefaces-comps.jar to C:\Users\whw\.m2\repository\org\icefaces\icefaces-comps\1.6.2\icefaces-comps-1.6.2.jar
2017-08-19 10:17:08,053 [Worker-4] INFO  o.e.m.c.i.embedder.EclipseLogger - Installing C:\Users\whw\AppData\Local\Temp\mvninstall7725330198176439357.pom to C:\Users\whw\.m2\repository\org\icefaces\icefaces-comps\1.6.2\icefaces-comps-1.6.2.pom
2017-08-19 10:17:08,053 [Worker-4] INFO  c.n.h.c.p.n.NettyAsyncHttpProvider - Number of application's worked threads is 8
2017-08-19 10:17:08,338 [New I/O client worker #40-1] INFO  o.e.m.c.i.e.AbstractTransferListenerAdapter - Downloaded http://repo.maven.apache.org/maven2/org/icefaces/icefaces-comps/1.6.1/icefaces-comps-1.6.1.jar
2017-08-19 10:17:08,353 [Worker-4] INFO  o.e.m.c.i.embedder.EclipseLogger - Installing E:\MyEclipse Professional 2014\plugins\com.genuitec.eclipse.icefaces_11.0.1.me201308151823\data\1.6.1\ICEfaces\icefaces-comps.jar to C:\Users\whw\.m2\repository\org\icefaces\icefaces-comps\1.6.1\icefaces-comps-1.6.1.jar
2017-08-19 10:17:08,469 [Worker-4] INFO  o.e.m.c.i.embedder.EclipseLogger - Installing C:\Users\whw\AppData\Local\Temp\mvninstall5465660036482766583.pom to C:\Users\whw\.m2\repository\org\icefaces\icefaces-comps\1.6.1\icefaces-comps-1.6.1.pom
2017-08-19 10:17:08,485 [Worker-4] INFO  c.n.h.c.p.n.NettyAsyncHttpProvider - Number of application's worked threads is 8
2017-08-19 10:17:08,769 [New I/O client worker #41-1] INFO  o.e.m.c.i.e.AbstractTransferListenerAdapter - Downloaded http://repo.maven.apache.org/maven2/org/icefaces/icefaces-facelets/1.8.0/icefaces-facelets-1.8.0.jar
2017-08-19 10:17:08,800 [Worker-4] INFO  o.e.m.c.i.embedder.EclipseLogger - Installing E:\MyEclipse Professional 2014\plugins\com.genuitec.eclipse.icefaces_11.0.1.me201308151823\data\1.8.0\ICEfaces-Facelets\icefaces-facelets.jar to C:\Users\whw\.m2\repository\org\icefaces\icefaces-facelets\1.8.0\icefaces-facelets-1.8.0.jar
2017-08-19 10:17:08,854 [Worker-4] INFO  o.e.m.c.i.embedder.EclipseLogger - Installing C:\Users\whw\AppData\Local\Temp\mvninstall115347094830789333.pom to C:\Users\whw\.m2\repository\org\icefaces\icefaces-facelets\1.8.0\icefaces-facelets-1.8.0.pom
2017-08-19 10:17:08,854 [Worker-4] INFO  c.n.h.c.p.n.NettyAsyncHttpProvider - Number of application's worked threads is 8
2017-08-19 10:17:09,138 [New I/O client worker #42-1] INFO  o.e.m.c.i.e.AbstractTransferListenerAdapter - Downloaded http://repo.maven.apache.org/maven2/org/icefaces/icefaces-facelets/1.7.2/icefaces-facelets-1.7.2.jar
2017-08-19 10:17:09,169 [Worker-4] INFO  o.e.m.c.i.embedder.EclipseLogger - Installing E:\MyEclipse Professional 2014\plugins\com.genuitec.eclipse.icefaces_11.0.1.me201308151823\data\1.7.2\ICEfaces-Facelets\icefaces-facelets.jar to C:\Users\whw\.m2\repository\org\icefaces\icefaces-facelets\1.7.2\icefaces-facelets-1.7.2.jar
2017-08-19 10:17:09,254 [Worker-4] INFO  o.e.m.c.i.embedder.EclipseLogger - Installing C:\Users\whw\AppData\Local\Temp\mvninstall6923960785750583860.pom to C:\Users\whw\.m2\repository\org\icefaces\icefaces-facelets\1.7.2\icefaces-facelets-1.7.2.pom
2017-08-19 10:17:09,269 [Worker-4] INFO  c.n.h.c.p.n.NettyAsyncHttpProvider - Number of application's worked threads is 8
2017-08-19 10:17:09,553 [New I/O client worker #43-1] INFO  o.e.m.c.i.e.AbstractTransferListenerAdapter - Downloaded http://repo.maven.apache.org/maven2/org/icefaces/icefaces-facelets/1.7.1/icefaces-facelets-1.7.1.jar
2017-08-19 10:17:09,584 [Worker-4] INFO  o.e.m.c.i.embedder.EclipseLogger - Installing E:\MyEclipse Professional 2014\plugins\com.genuitec.eclipse.icefaces_11.0.1.me201308151823\data\1.7.0\ICEfaces-Facelets\icefaces-facelets.jar to C:\Users\whw\.m2\repository\org\icefaces\icefaces-facelets\1.7.1\icefaces-facelets-1.7.1.jar
2017-08-19 10:17:09,638 [Worker-4] INFO  o.e.m.c.i.embedder.EclipseLogger - Installing C:\Users\whw\AppData\Local\Temp\mvninstall7058060544637336074.pom to C:\Users\whw\.m2\repository\org\icefaces\icefaces-facelets\1.7.1\icefaces-facelets-1.7.1.pom
2017-08-19 10:17:09,653 [Worker-4] INFO  c.n.h.c.p.n.NettyAsyncHttpProvider - Number of application's worked threads is 8
2017-08-19 10:17:09,984 [New I/O client worker #44-1] INFO  o.e.m.c.i.e.AbstractTransferListenerAdapter - Downloaded http://repo.maven.apache.org/maven2/org/icefaces/icefaces-facelets/1.7.0/icefaces-facelets-1.7.0.jar
2017-08-19 10:17:10,016 [Worker-4] INFO  o.e.m.c.i.embedder.EclipseLogger - Installing E:\MyEclipse Professional 2014\plugins\com.genuitec.eclipse.icefaces_11.0.1.me201308151823\data\1.7.0\ICEfaces-Facelets\icefaces-facelets.jar to C:\Users\whw\.m2\repository\org\icefaces\icefaces-facelets\1.7.0\icefaces-facelets-1.7.0.jar
2017-08-19 10:17:10,053 [Worker-4] INFO  o.e.m.c.i.embedder.EclipseLogger - Installing C:\Users\whw\AppData\Local\Temp\mvninstall6411762917473167702.pom to C:\Users\whw\.m2\repository\org\icefaces\icefaces-facelets\1.7.0\icefaces-facelets-1.7.0.pom
2017-08-19 10:17:10,069 [Worker-4] INFO  c.n.h.c.p.n.NettyAsyncHttpProvider - Number of application's worked threads is 8
2017-08-19 10:17:10,400 [New I/O client worker #45-1] INFO  o.e.m.c.i.e.AbstractTransferListenerAdapter - Downloaded http://repo.maven.apache.org/maven2/org/icefaces/icefaces-facelets/1.6.2/icefaces-facelets-1.6.2.jar
2017-08-19 10:17:10,435 [Worker-4] INFO  o.e.m.c.i.embedder.EclipseLogger - Installing E:\MyEclipse Professional 2014\plugins\com.genuitec.eclipse.icefaces_11.0.1.me201308151823\data\1.6.2\ICEfaces-Facelets\icefaces-facelets.jar to C:\Users\whw\.m2\repository\org\icefaces\icefaces-facelets\1.6.2\icefaces-facelets-1.6.2.jar
2017-08-19 10:17:10,485 [Worker-4] INFO  o.e.m.c.i.embedder.EclipseLogger - Installing C:\Users\whw\AppData\Local\Temp\mvninstall5874752970988713278.pom to C:\Users\whw\.m2\repository\org\icefaces\icefaces-facelets\1.6.2\icefaces-facelets-1.6.2.pom
2017-08-19 10:17:10,500 [Worker-4] INFO  c.n.h.c.p.n.NettyAsyncHttpProvider - Number of application's worked threads is 8
2017-08-19 10:17:10,869 [New I/O client worker #46-1] INFO  o.e.m.c.i.e.AbstractTransferListenerAdapter - Downloaded http://repo.maven.apache.org/maven2/org/icefaces/icefaces-facelets/1.6.1/icefaces-facelets-1.6.1.jar
2017-08-19 10:17:10,900 [Worker-4] INFO  o.e.m.c.i.embedder.EclipseLogger - Installing E:\MyEclipse Professional 2014\plugins\com.genuitec.eclipse.icefaces_11.0.1.me201308151823\data\1.6.1\ICEfaces-Facelets\icefaces-facelets.jar to C:\Users\whw\.m2\repository\org\icefaces\icefaces-facelets\1.6.1\icefaces-facelets-1.6.1.jar
2017-08-19 10:17:10,953 [Worker-4] INFO  o.e.m.c.i.embedder.EclipseLogger - Installing C:\Users\whw\AppData\Local\Temp\mvninstall5609626118824172103.pom to C:\Users\whw\.m2\repository\org\icefaces\icefaces-facelets\1.6.1\icefaces-facelets-1.6.1.pom
2017-08-19 10:17:10,953 [Worker-4] INFO  c.n.h.c.p.n.NettyAsyncHttpProvider - Number of application's worked threads is 8
2017-08-19 10:17:11,253 [New I/O client worker #47-1] INFO  o.e.m.c.i.e.AbstractTransferListenerAdapter - Downloaded http://repo.maven.apache.org/maven2/net/sourceforge/jexcelapi/jxl/2.6.8/jxl-2.6.8.jar
2017-08-19 10:17:11,284 [Worker-4] INFO  o.e.m.c.i.embedder.EclipseLogger - Installing E:\MyEclipse Professional 2014\plugins\com.genuitec.eclipse.icefaces_11.0.1.me201308151823\data\net.sourceforge.jexcelapi\jxl\2.6.8\jxl.jar to C:\Users\whw\.m2\repository\net\sourceforge\jexcelapi\jxl\2.6.8\jxl-2.6.8.jar
2017-08-19 10:17:11,385 [Worker-4] INFO  o.e.m.c.i.embedder.EclipseLogger - Installing C:\Users\whw\AppData\Local\Temp\mvninstall4571529840543671447.pom to C:\Users\whw\.m2\repository\net\sourceforge\jexcelapi\jxl\2.6.8\jxl-2.6.8.pom
2017-08-19 10:17:11,400 [Worker-4] INFO  c.n.h.c.p.n.NettyAsyncHttpProvider - Number of application's worked threads is 8
2017-08-19 10:17:11,732 [New I/O client worker #48-1] INFO  o.e.m.c.i.e.AbstractTransferListenerAdapter - Downloaded http://repo.maven.apache.org/maven2/org/icefaces/icefaces-mobi/1.3.0/icefaces-mobi-1.3.0.jar
2017-08-19 10:17:11,754 [Worker-4] INFO  o.e.m.c.i.embedder.EclipseLogger - Installing E:\MyEclipse Professional 2014\plugins\com.genuitec.eclipse.icefaces_11.0.1.me201308151823\data\org.icefaces\icefaces-mobi\1.3\icefaces-mobi.jar to C:\Users\whw\.m2\repository\org\icefaces\icefaces-mobi\1.3.0\icefaces-mobi-1.3.0.jar
2017-08-19 10:17:11,901 [Worker-4] INFO  o.e.m.c.i.embedder.EclipseLogger - Installing C:\Users\whw\AppData\Local\Temp\mvninstall1848475753172407107.pom to C:\Users\whw\.m2\repository\org\icefaces\icefaces-mobi\1.3.0\icefaces-mobi-1.3.0.pom
2017-08-19 10:17:11,917 [Worker-4] INFO  c.n.h.c.p.n.NettyAsyncHttpProvider - Number of application's worked threads is 8
2017-08-19 10:17:12,201 [New I/O client worker #49-1] INFO  o.e.m.c.i.e.AbstractTransferListenerAdapter - Downloaded http://repo.maven.apache.org/maven2/org/icepush/icepush/3.0.0/icepush-3.0.0.jar
2017-08-19 10:17:12,239 [Worker-4] INFO  o.e.m.c.i.embedder.EclipseLogger - Installing E:\MyEclipse Professional 2014\plugins\com.genuitec.eclipse.icefaces_11.0.1.me201308151823\data\org.icepush\icepush\3.0\icepush.jar to C:\Users\whw\.m2\repository\org\icepush\icepush\3.0.0\icepush-3.0.0.jar
2017-08-19 10:17:12,285 [Worker-4] INFO  o.e.m.c.i.embedder.EclipseLogger - Installing C:\Users\whw\AppData\Local\Temp\mvninstall6744898748701010994.pom to C:\Users\whw\.m2\repository\org\icepush\icepush\3.0.0\icepush-3.0.0.pom
2017-08-19 10:17:12,301 [Worker-4] INFO  c.n.h.c.p.n.NettyAsyncHttpProvider - Number of application's worked threads is 8
2017-08-19 10:17:12,623 [New I/O client worker #50-1] INFO  o.e.m.c.i.e.AbstractTransferListenerAdapter - Downloaded http://repo.maven.apache.org/maven2/javax/activation/activation/1.0.2/activation-1.0.2.jar
2017-08-19 10:17:12,670 [Worker-4] INFO  o.e.m.c.i.embedder.EclipseLogger - Installing E:\MyEclipse Professional 2014\plugins\com.genuitec.eclipse.j2eedt.core_11.5.0.me201311281640\data\libraryset\1.4\activation.jar to C:\Users\whw\.m2\repository\javax\activation\activation\1.0.2\activation-1.0.2.jar
2017-08-19 10:17:12,723 [Worker-4] INFO  o.e.m.c.i.embedder.EclipseLogger - Installing C:\Users\whw\AppData\Local\Temp\mvninstall763872388798339904.pom to C:\Users\whw\.m2\repository\javax\activation\activation\1.0.2\activation-1.0.2.pom
2017-08-19 10:17:12,739 [Worker-4] INFO  c.n.h.c.p.n.NettyAsyncHttpProvider - Number of application's worked threads is 8
2017-08-19 10:17:13,086 [New I/O client worker #51-1] INFO  o.e.m.c.i.e.AbstractTransferListenerAdapter - Downloaded http://repo.maven.apache.org/maven2/javax/mail/mail/1.3.1/mail-1.3.1.jar
2017-08-19 10:17:13,122 [Worker-4] INFO  o.e.m.c.i.embedder.EclipseLogger - Installing E:\MyEclipse Professional 2014\plugins\com.genuitec.eclipse.j2eedt.core_11.5.0.me201311281640\data\libraryset\1.4\mail.jar to C:\Users\whw\.m2\repository\javax\mail\mail\1.3.1\mail-1.3.1.jar
2017-08-19 10:17:13,159 [Worker-4] INFO  o.e.m.c.i.embedder.EclipseLogger - Installing C:\Users\whw\AppData\Local\Temp\mvninstall4656454136173809779.pom to C:\Users\whw\.m2\repository\javax\mail\mail\1.3.1\mail-1.3.1.pom
2017-08-19 10:17:13,174 [Worker-4] INFO  c.n.h.c.p.n.NettyAsyncHttpProvider - Number of application's worked threads is 8
2017-08-19 10:17:13,501 [New I/O client worker #52-1] INFO  o.e.m.c.i.e.AbstractTransferListenerAdapter - Downloaded http://repo.maven.apache.org/maven2/javax/xml/namespace/1.0.1/namespace-1.0.1.jar
2017-08-19 10:17:13,539 [Worker-4] INFO  o.e.m.c.i.embedder.EclipseLogger - Installing E:\MyEclipse Professional 2014\plugins\com.genuitec.eclipse.j2eedt.core_11.5.0.me201311281640\data\libraryset\1.4\namespace.jar to C:\Users\whw\.m2\repository\javax\xml\namespace\1.0.1\namespace-1.0.1.jar
2017-08-19 10:17:13,602 [Worker-4] INFO  o.e.m.c.i.embedder.EclipseLogger - Installing C:\Users\whw\AppData\Local\Temp\mvninstall6349166712608239876.pom to C:\Users\whw\.m2\repository\javax\xml\namespace\1.0.1\namespace-1.0.1.pom
2017-08-19 10:17:13,619 [Worker-4] INFO  c.n.h.c.p.n.NettyAsyncHttpProvider - Number of application's worked threads is 8
2017-08-19 10:17:13,940 [New I/O client worker #53-1] INFO  o.e.m.c.i.e.AbstractTransferListenerAdapter - Downloaded http://repo.maven.apache.org/maven2/javax/sql/jdbc-stdext/2.0/jdbc-stdext-2.0.jar
2017-08-19 10:17:13,955 [Worker-4] INFO  o.e.m.c.i.embedder.EclipseLogger - Installing E:\MyEclipse Professional 2014\plugins\com.genuitec.eclipse.j2eedt.core_11.5.0.me201311281640\data\libraryset\JSTL1.0\lib\jdbc2_0-stdext.jar to C:\Users\whw\.m2\repository\javax\sql\jdbc-stdext\2.0\jdbc-stdext-2.0.jar
2017-08-19 10:17:13,987 [Worker-4] INFO  o.e.m.c.i.embedder.EclipseLogger - Installing C:\Users\whw\AppData\Local\Temp\mvninstall3945824531126756233.pom to C:\Users\whw\.m2\repository\javax\sql\jdbc-stdext\2.0\jdbc-stdext-2.0.pom
2017-08-19 10:17:14,002 [Worker-4] INFO  c.n.h.c.p.n.NettyAsyncHttpProvider - Number of application's worked threads is 8
2017-08-19 10:17:14,355 [New I/O client worker #54-1] INFO  o.e.m.c.i.e.AbstractTransferListenerAdapter - Downloaded http://repo.maven.apache.org/maven2/javax/jts/jts/1.0/jts-1.0.jar
2017-08-19 10:17:14,387 [Worker-4] INFO  o.e.m.c.i.embedder.EclipseLogger - Installing E:\MyEclipse Professional 2014\plugins\com.genuitec.eclipse.j2eedt.core_11.5.0.me201311281640\data\libraryset\1.3\jts.jar to C:\Users\whw\.m2\repository\javax\jts\jts\1.0\jts-1.0.jar
2017-08-19 10:17:14,424 [Worker-4] INFO  o.e.m.c.i.embedder.EclipseLogger - Installing C:\Users\whw\AppData\Local\Temp\mvninstall1313877051255666307.pom to C:\Users\whw\.m2\repository\javax\jts\jts\1.0\jts-1.0.pom
2017-08-19 10:17:14,440 [Worker-4] INFO  c.n.h.c.p.n.NettyAsyncHttpProvider - Number of application's worked threads is 8
2017-08-19 10:17:14,803 [New I/O client worker #55-1] INFO  o.e.m.c.i.e.AbstractTransferListenerAdapter - Downloaded http://repo.maven.apache.org/maven2/el-api/el-api/1.0/el-api-1.0.jar
2017-08-19 10:17:14,841 [Worker-4] INFO  o.e.m.c.i.embedder.EclipseLogger - Installing E:\MyEclipse Professional 2014\configuration\org.eclipse.osgi\bundles\99\1\.cp\data\facelets\lib\el-api.jar to C:\Users\whw\.m2\repository\el-api\el-api\1.0\el-api-1.0.jar
2017-08-19 10:17:14,972 [Worker-4] INFO  o.e.m.c.i.embedder.EclipseLogger - Installing C:\Users\whw\AppData\Local\Temp\mvninstall6153850235577690152.pom to C:\Users\whw\.m2\repository\el-api\el-api\1.0\el-api-1.0.pom
2017-08-19 10:17:14,988 [Worker-4] INFO  c.n.h.c.p.n.NettyAsyncHttpProvider - Number of application's worked threads is 8
2017-08-19 10:17:15,425 [New I/O client worker #56-1] INFO  o.e.m.c.i.e.AbstractTransferListenerAdapter - Downloaded http://repo.maven.apache.org/maven2/el-ri/el-ri/1.0/el-ri-1.0.jar
2017-08-19 10:17:15,441 [Worker-4] INFO  o.e.m.c.i.embedder.EclipseLogger - Installing E:\MyEclipse Professional 2014\configuration\org.eclipse.osgi\bundles\99\1\.cp\data\facelets\lib\el-ri.jar to C:\Users\whw\.m2\repository\el-ri\el-ri\1.0\el-ri-1.0.jar
2017-08-19 10:17:15,525 [Worker-4] INFO  o.e.m.c.i.embedder.EclipseLogger - Installing C:\Users\whw\AppData\Local\Temp\mvninstall2549698221691937454.pom to C:\Users\whw\.m2\repository\el-ri\el-ri\1.0\el-ri-1.0.pom
2017-08-19 10:17:15,541 [Worker-4] INFO  c.n.h.c.p.n.NettyAsyncHttpProvider - Number of application's worked threads is 8
2017-08-19 10:17:16,005 [New I/O client worker #57-1] INFO  o.e.m.c.i.e.AbstractTransferListenerAdapter - Downloaded http://repo.maven.apache.org/maven2/javax/faces/jsf-api/2.0.3/jsf-api-2.0.3.jar
2017-08-19 10:17:16,027 [Worker-4] INFO  o.e.m.c.i.embedder.EclipseLogger - Installing E:\MyEclipse Professional 2014\configuration\org.eclipse.osgi\bundles\99\1\.cp\data\2.0\Mojarra\jsf-api.jar to C:\Users\whw\.m2\repository\javax\faces\jsf-api\2.0.3\jsf-api-2.0.3.jar
2017-08-19 10:17:16,089 [Worker-4] INFO  o.e.m.c.i.embedder.EclipseLogger - Installing C:\Users\whw\AppData\Local\Temp\mvninstall2666980304549837234.pom to C:\Users\whw\.m2\repository\javax\faces\jsf-api\2.0.3\jsf-api-2.0.3.pom
2017-08-19 10:17:16,105 [Worker-4] INFO  c.n.h.c.p.n.NettyAsyncHttpProvider - Number of application's worked threads is 8
2017-08-19 10:17:16,627 [New I/O client worker #58-1] INFO  o.e.m.c.i.e.AbstractTransferListenerAdapter - Downloaded http://repo.maven.apache.org/maven2/javax/faces/jsf-impl/2.0.3/jsf-impl-2.0.3.jar
2017-08-19 10:17:16,658 [Worker-4] INFO  o.e.m.c.i.embedder.EclipseLogger - Installing E:\MyEclipse Professional 2014\configuration\org.eclipse.osgi\bundles\99\1\.cp\data\2.0\Mojarra\jsf-impl.jar to C:\Users\whw\.m2\repository\javax\faces\jsf-impl\2.0.3\jsf-impl-2.0.3.jar
2017-08-19 10:17:16,725 [Worker-4] INFO  o.e.m.c.i.embedder.EclipseLogger - Installing C:\Users\whw\AppData\Local\Temp\mvninstall2544970121146589772.pom to C:\Users\whw\.m2\repository\javax\faces\jsf-impl\2.0.3\jsf-impl-2.0.3.pom
2017-08-19 10:17:16,727 [Worker-4] INFO  c.n.h.c.p.n.NettyAsyncHttpProvider - Number of application's worked threads is 8
2017-08-19 10:17:17,236 [New I/O client worker #59-1] INFO  o.e.m.c.i.e.AbstractTransferListenerAdapter - Downloaded http://repo.maven.apache.org/maven2/org/jboss/cache/jbosscache-core/3.1.0/jbosscache-core-3.1.0.jar
2017-08-19 10:17:17,267 [Worker-4] INFO  o.e.m.c.i.embedder.EclipseLogger - Installing E:\MyEclipse Professional 2014\configuration\org.eclipse.osgi\bundles\101\1\.cp\myeclipse-data\3.3\lib\extra\jbosscache2\jbosscache-core-3.1.0.GA.jar to C:\Users\whw\.m2\repository\org\jboss\cache\jbosscache-core\3.1.0\jbosscache-core-3.1.0.jar
2017-08-19 10:17:17,330 [Worker-4] INFO  o.e.m.c.i.embedder.EclipseLogger - Installing C:\Users\whw\AppData\Local\Temp\mvninstall6629740045256886528.pom to C:\Users\whw\.m2\repository\org\jboss\cache\jbosscache-core\3.1.0\jbosscache-core-3.1.0.pom
2017-08-19 10:17:17,336 [Worker-4] INFO  c.n.h.c.p.n.NettyAsyncHttpProvider - Number of application's worked threads is 8
2017-08-19 10:17:17,839 [New I/O client worker #60-1] INFO  o.e.m.c.i.e.AbstractTransferListenerAdapter - Downloaded http://repo.maven.apache.org/maven2/javax/resource/connector/1.0/connector-1.0.jar
2017-08-19 10:17:17,871 [Worker-4] INFO  o.e.m.c.i.embedder.EclipseLogger - Installing E:\MyEclipse Professional 2014\configuration\org.eclipse.osgi\bundles\101\1\.cp\myeclipse-data\2.1\lib\extra\connector.jar to C:\Users\whw\.m2\repository\javax\resource\connector\1.0\connector-1.0.jar
2017-08-19 10:17:17,939 [Worker-4] INFO  o.e.m.c.i.embedder.EclipseLogger - Installing C:\Users\whw\AppData\Local\Temp\mvninstall3168638125696567110.pom to C:\Users\whw\.m2\repository\javax\resource\connector\1.0\connector-1.0.pom
2017-08-19 10:17:17,955 [Worker-4] INFO  c.n.h.c.p.n.NettyAsyncHttpProvider - Number of application's worked threads is 8
2017-08-19 10:17:18,486 [New I/O client worker #61-1] INFO  o.e.m.c.i.e.AbstractTransferListenerAdapter - Downloaded http://repo.maven.apache.org/maven2/javax/security/jacc/1.0/jacc-1.0.jar
2017-08-19 10:17:18,517 [Worker-4] INFO  o.e.m.c.i.embedder.EclipseLogger - Installing E:\MyEclipse Professional 2014\configuration\org.eclipse.osgi\bundles\101\1\.cp\myeclipse-data\3.0\lib\extra\jacc-1_0-fr.jar to C:\Users\whw\.m2\repository\javax\security\jacc\1.0\jacc-1.0.jar
2017-08-19 10:17:18,571 [Worker-4] INFO  o.e.m.c.i.embedder.EclipseLogger - Installing C:\Users\whw\AppData\Local\Temp\mvninstall5336992284218570289.pom to C:\Users\whw\.m2\repository\javax\security\jacc\1.0\jacc-1.0.pom
2017-08-19 10:17:18,586 [Worker-4] INFO  c.n.h.c.p.n.NettyAsyncHttpProvider - Number of application's worked threads is 8
2017-08-19 10:17:19,102 [New I/O client worker #62-1] INFO  o.e.m.c.i.e.AbstractTransferListenerAdapter - Downloaded http://repo.maven.apache.org/maven2/javax/security/jaas/1.0.01/jaas-1.0.01.jar
2017-08-19 10:17:19,137 [Worker-4] INFO  o.e.m.c.i.embedder.EclipseLogger - Installing E:\MyEclipse Professional 2014\configuration\org.eclipse.osgi\bundles\101\1\.cp\myeclipse-data\3.0\lib\core\jaas.jar to C:\Users\whw\.m2\repository\javax\security\jaas\1.0.01\jaas-1.0.01.jar
2017-08-19 10:17:19,171 [Worker-4] INFO  o.e.m.c.i.embedder.EclipseLogger - Installing C:\Users\whw\AppData\Local\Temp\mvninstall6481479805647550691.pom to C:\Users\whw\.m2\repository\javax\security\jaas\1.0.01\jaas-1.0.01.pom
2017-08-19 10:17:19,187 [Worker-4] INFO  c.n.h.c.p.n.NettyAsyncHttpProvider - Number of application's worked threads is 8
2017-08-19 10:17:19,740 [New I/O client worker #63-1] INFO  o.e.m.c.i.e.AbstractTransferListenerAdapter - Downloaded http://repo.maven.apache.org/maven2/javax/transaction/jta/1.0.1B/jta-1.0.1B.jar
2017-08-19 10:17:19,771 [Worker-4] INFO  o.e.m.c.i.embedder.EclipseLogger - Installing E:\MyEclipse Professional 2014\configuration\org.eclipse.osgi\bundles\101\1\.cp\myeclipse-data\2.1\lib\core\jta.jar to C:\Users\whw\.m2\repository\javax\transaction\jta\1.0.1B\jta-1.0.1B.jar
2017-08-19 10:17:19,856 [Worker-4] INFO  o.e.m.c.i.embedder.EclipseLogger - Installing C:\Users\whw\AppData\Local\Temp\mvninstall5950261286907845056.pom to C:\Users\whw\.m2\repository\javax\transaction\jta\1.0.1B\jta-1.0.1B.pom
2017-08-19 10:17:19,871 [Worker-4] INFO  c.n.h.c.p.n.NettyAsyncHttpProvider - Number of application's worked threads is 8
2017-08-19 10:17:20,387 [New I/O client worker #64-1] INFO  o.e.m.c.i.e.AbstractTransferListenerAdapter - Downloaded http://repo.maven.apache.org/maven2/javassist/javassist/3.9.0/javassist-3.9.0.jar
2017-08-19 10:17:20,419 [Worker-4] INFO  o.e.m.c.i.embedder.EclipseLogger - Installing E:\MyEclipse Professional 2014\configuration\org.eclipse.osgi\bundles\101\1\.cp\myeclipse-data\3.3\lib\core\bytecode\javassist\javassist-3.9.0.GA.jar to C:\Users\whw\.m2\repository\javassist\javassist\3.9.0\javassist-3.9.0.jar
2017-08-19 10:17:20,488 [Worker-4] INFO  o.e.m.c.i.embedder.EclipseLogger - Installing C:\Users\whw\AppData\Local\Temp\mvninstall5856558640959412502.pom to C:\Users\whw\.m2\repository\javassist\javassist\3.9.0\javassist-3.9.0.pom
2017-08-19 10:17:20,503 [Worker-4] INFO  c.n.h.c.p.n.NettyAsyncHttpProvider - Number of application's worked threads is 8
2017-08-19 10:17:21,056 [New I/O client worker #65-1] INFO  o.e.m.c.i.e.AbstractTransferListenerAdapter - Downloaded http://repo.maven.apache.org/maven2/org/hibernate/hibernate/3.3.2/hibernate-3.3.2.jar
2017-08-19 10:17:21,087 [Worker-4] INFO  o.e.m.c.i.embedder.EclipseLogger - Installing E:\MyEclipse Professional 2014\configuration\org.eclipse.osgi\bundles\101\1\.cp\myeclipse-data\3.3\lib\core\hibernate3.jar to C:\Users\whw\.m2\repository\org\hibernate\hibernate\3.3.2\hibernate-3.3.2.jar
2017-08-19 10:17:21,157 [Worker-4] INFO  o.e.m.c.i.embedder.EclipseLogger - Installing C:\Users\whw\AppData\Local\Temp\mvninstall8575582530312375872.pom to C:\Users\whw\.m2\repository\org\hibernate\hibernate\3.3.2\hibernate-3.3.2.pom
2017-08-19 10:17:21,157 [Worker-4] INFO  c.n.h.c.p.n.NettyAsyncHttpProvider - Number of application's worked threads is 8
2017-08-19 10:17:21,703 [New I/O client worker #66-1] INFO  o.e.m.c.i.e.AbstractTransferListenerAdapter - Downloaded http://repo.maven.apache.org/maven2/org/eclipse/persistence/javax.persistence/2.0.1/javax.persistence-2.0.1.jar
2017-08-19 10:17:21,739 [Worker-4] INFO  o.e.m.c.i.embedder.EclipseLogger - Installing E:\MyEclipse Professional 2014\configuration\org.eclipse.osgi\bundles\103\1\.cp\data\eclipselink\2.1\javax.persistence_2.0.1.v201006031150.jar to C:\Users\whw\.m2\repository\org\eclipse\persistence\javax.persistence\2.0.1\javax.persistence-2.0.1.jar
2017-08-19 10:17:21,788 [Worker-4] INFO  o.e.m.c.i.embedder.EclipseLogger - Installing C:\Users\whw\AppData\Local\Temp\mvninstall1975397946996236120.pom to C:\Users\whw\.m2\repository\org\eclipse\persistence\javax.persistence\2.0.1\javax.persistence-2.0.1.pom
2017-08-19 10:17:21,803 [Worker-4] INFO  c.n.h.c.p.n.NettyAsyncHttpProvider - Number of application's worked threads is 8
2017-08-19 10:17:22,258 [New I/O client worker #67-1] INFO  o.e.m.c.i.e.AbstractTransferListenerAdapter - Downloaded http://repo.maven.apache.org/maven2/org/eclipse/persistence/eclipselink/2.1/eclipselink-2.1.jar
2017-08-19 10:17:22,305 [Worker-4] INFO  o.e.m.c.i.embedder.EclipseLogger - Installing E:\MyEclipse Professional 2014\configuration\org.eclipse.osgi\bundles\103\1\.cp\data\eclipselink\2.1\eclipselink.jar to C:\Users\whw\.m2\repository\org\eclipse\persistence\eclipselink\2.1\eclipselink-2.1.jar
2017-08-19 10:17:22,390 [Worker-4] INFO  o.e.m.c.i.embedder.EclipseLogger - Installing C:\Users\whw\AppData\Local\Temp\mvninstall3909798949443562836.pom to C:\Users\whw\.m2\repository\org\eclipse\persistence\eclipselink\2.1\eclipselink-2.1.pom
2017-08-19 10:17:22,405 [Worker-4] INFO  c.n.h.c.p.n.NettyAsyncHttpProvider - Number of application's worked threads is 8
2017-08-19 10:17:22,908 [New I/O client worker #68-1] INFO  o.e.m.c.i.e.AbstractTransferListenerAdapter - Downloaded http://repo.maven.apache.org/maven2/org/eclipse/persistence/eclipselink-jpa-modelgen/2.1/eclipselink-jpa-modelgen-2.1.jar
2017-08-19 10:17:22,945 [Worker-4] INFO  o.e.m.c.i.embedder.EclipseLogger - Installing E:\MyEclipse Professional 2014\configuration\org.eclipse.osgi\bundles\103\1\.cp\data\eclipselink\2.1\eclipselink-jpa-modelgen_2.1.1.v20100817-r8050.jar to C:\Users\whw\.m2\repository\org\eclipse\persistence\eclipselink-jpa-modelgen\2.1\eclipselink-jpa-modelgen-2.1.jar
2017-08-19 10:17:22,993 [Worker-4] INFO  o.e.m.c.i.embedder.EclipseLogger - Installing C:\Users\whw\AppData\Local\Temp\mvninstall3450882785213503134.pom to C:\Users\whw\.m2\repository\org\eclipse\persistence\eclipselink-jpa-modelgen\2.1\eclipselink-jpa-modelgen-2.1.pom
2017-08-19 10:17:22,993 [Worker-4] INFO  c.n.h.c.p.n.NettyAsyncHttpProvider - Number of application's worked threads is 8
2017-08-19 10:17:23,308 [New I/O client worker #69-1] INFO  o.e.m.c.i.e.AbstractTransferListenerAdapter - Downloaded http://repo.maven.apache.org/maven2/org/eclipse/persistence/eclipselink-jpa-modelgen/2.5.1/eclipselink-jpa-modelgen-2.5.1.jar
2017-08-19 10:17:23,346 [Worker-4] INFO  o.e.m.c.i.embedder.EclipseLogger - Installing E:\MyEclipse Professional 2014\configuration\org.eclipse.osgi\bundles\103\1\.cp\data\eclipselink\2.5\org.eclipse.persistence.jpa.modelgen_2.5.1.v20130918-f2b9fc5.jar to C:\Users\whw\.m2\repository\org\eclipse\persistence\eclipselink-jpa-modelgen\2.5.1\eclipselink-jpa-modelgen-2.5.1.jar
2017-08-19 10:17:23,392 [Worker-4] INFO  o.e.m.c.i.embedder.EclipseLogger - Installing C:\Users\whw\AppData\Local\Temp\mvninstall7572156261013310446.pom to C:\Users\whw\.m2\repository\org\eclipse\persistence\eclipselink-jpa-modelgen\2.5.1\eclipselink-jpa-modelgen-2.5.1.pom
2017-08-19 10:17:23,408 [Worker-4] INFO  c.n.h.c.p.n.NettyAsyncHttpProvider - Number of application's worked threads is 8
2017-08-19 10:17:23,745 [New I/O client worker #70-1] INFO  o.e.m.c.i.e.AbstractTransferListenerAdapter - Downloaded http://repo.maven.apache.org/maven2/jexcelapi/jxl/2.6.9/jxl-2.6.9.jar
2017-08-19 10:17:23,777 [Worker-4] INFO  o.e.m.c.i.embedder.EclipseLogger - Installing E:\MyEclipse Professional 2014\configuration\org.eclipse.osgi\bundles\104\1\.cp\data\2.5\lib\jexcelapi\jxl.jar to C:\Users\whw\.m2\repository\jexcelapi\jxl\2.6.9\jxl-2.6.9.jar
2017-08-19 10:17:23,877 [Worker-4] INFO  o.e.m.c.i.embedder.EclipseLogger - Installing C:\Users\whw\AppData\Local\Temp\mvninstall1813912484680990375.pom to C:\Users\whw\.m2\repository\jexcelapi\jxl\2.6.9\jxl-2.6.9.pom
2017-08-19 10:17:23,893 [Worker-4] INFO  c.n.h.c.p.n.NettyAsyncHttpProvider - Number of application's worked threads is 8
2017-08-19 10:17:24,177 [New I/O client worker #71-1] INFO  o.e.m.c.i.e.AbstractTransferListenerAdapter - Downloaded http://repo.maven.apache.org/maven2/com/jamonapi/jamon/2.7/jamon-2.7.jar
2017-08-19 10:17:24,193 [Worker-4] INFO  o.e.m.c.i.embedder.EclipseLogger - Installing E:\MyEclipse Professional 2014\configuration\org.eclipse.osgi\bundles\104\1\.cp\data\2.5\lib\jamon\jamon-2.7.jar to C:\Users\whw\.m2\repository\com\jamonapi\jamon\2.7\jamon-2.7.jar
2017-08-19 10:17:24,262 [Worker-4] INFO  o.e.m.c.i.embedder.EclipseLogger - Installing C:\Users\whw\AppData\Local\Temp\mvninstall4779855343642688757.pom to C:\Users\whw\.m2\repository\com\jamonapi\jamon\2.7\jamon-2.7.pom
2017-08-19 10:17:24,262 [Worker-4] INFO  c.n.h.c.p.n.NettyAsyncHttpProvider - Number of application's worked threads is 8
2017-08-19 10:17:24,609 [New I/O client worker #72-1] INFO  o.e.m.c.i.e.AbstractTransferListenerAdapter - Downloaded http://repo.maven.apache.org/maven2/org/ow2/easybeans/quartz/1.6.1/quartz-1.6.1.jar
2017-08-19 10:17:24,642 [Worker-4] INFO  o.e.m.c.i.embedder.EclipseLogger - Installing E:\MyEclipse Professional 2014\configuration\org.eclipse.osgi\bundles\104\1\.cp\data\2.5\lib\quartz\quartz-all-1.6.1.jar to C:\Users\whw\.m2\repository\org\ow2\easybeans\quartz\1.6.1\quartz-1.6.1.jar
2017-08-19 10:17:24,678 [Worker-4] INFO  o.e.m.c.i.embedder.EclipseLogger - Installing C:\Users\whw\AppData\Local\Temp\mvninstall2317989832348934834.pom to C:\Users\whw\.m2\repository\org\ow2\easybeans\quartz\1.6.1\quartz-1.6.1.pom
2017-08-19 10:17:24,694 [Worker-4] INFO  c.n.h.c.p.n.NettyAsyncHttpProvider - Number of application's worked threads is 8
2017-08-19 10:17:25,024 [New I/O client worker #73-1] INFO  o.e.m.c.i.e.AbstractTransferListenerAdapter - Downloaded http://repo.maven.apache.org/maven2/org/springframework/javaconfig/spring-javaconfig/1.0.0.m4/spring-javaconfig-1.0.0.m4.jar
2017-08-19 10:17:25,046 [Worker-4] INFO  o.e.m.c.i.embedder.EclipseLogger - Installing E:\MyEclipse Professional 2014\configuration\org.eclipse.osgi\bundles\104\1\.cp\data\javaconfig\org.springframework.config.java-1.0.0.M4.jar to C:\Users\whw\.m2\repository\org\springframework\javaconfig\spring-javaconfig\1.0.0.m4\spring-javaconfig-1.0.0.m4.jar
2017-08-19 10:17:25,093 [Worker-4] INFO  o.e.m.c.i.embedder.EclipseLogger - Installing C:\Users\whw\AppData\Local\Temp\mvninstall4620997600958056753.pom to C:\Users\whw\.m2\repository\org\springframework\javaconfig\spring-javaconfig\1.0.0.m4\spring-javaconfig-1.0.0.m4.pom
2017-08-19 10:17:25,109 [Worker-4] INFO  c.n.h.c.p.n.NettyAsyncHttpProvider - Number of application's worked threads is 8
2017-08-19 10:17:25,446 [New I/O client worker #74-1] INFO  o.e.m.c.i.e.AbstractTransferListenerAdapter - Downloaded http://repo.maven.apache.org/maven2/com/sun/jmx/jmxri/1.2.1/jmxri-1.2.1.jar
2017-08-19 10:17:25,477 [Worker-4] INFO  o.e.m.c.i.embedder.EclipseLogger - Installing E:\MyEclipse Professional 2014\configuration\org.eclipse.osgi\bundles\104\1\.cp\data\1.2\lib\dependencies\jmx\jmxri.jar to C:\Users\whw\.m2\repository\com\sun\jmx\jmxri\1.2.1\jmxri-1.2.1.jar
2017-08-19 10:17:25,546 [Worker-4] INFO  o.e.m.c.i.embedder.EclipseLogger - Installing C:\Users\whw\AppData\Local\Temp\mvninstall3906867268926706929.pom to C:\Users\whw\.m2\repository\com\sun\jmx\jmxri\1.2.1\jmxri-1.2.1.pom
2017-08-19 10:17:25,546 [Worker-4] INFO  c.n.h.c.p.n.NettyAsyncHttpProvider - Number of application's worked threads is 8
2017-08-19 10:17:25,909 [New I/O client worker #75-1] INFO  o.e.m.c.i.e.AbstractTransferListenerAdapter - Downloaded http://repo.maven.apache.org/maven2/javax/management/jmxremote/1.0.1_04/jmxremote-1.0.1_04.jar
2017-08-19 10:17:25,940 [Worker-4] INFO  o.e.m.c.i.embedder.EclipseLogger - Installing E:\MyEclipse Professional 2014\configuration\org.eclipse.osgi\bundles\104\1\.cp\data\1.2\lib\dependencies\jmx\jmxremote.jar to C:\Users\whw\.m2\repository\javax\management\jmxremote\1.0.1_04\jmxremote-1.0.1_04.jar
2017-08-19 10:17:26,009 [Worker-4] INFO  o.e.m.c.i.embedder.EclipseLogger - Installing C:\Users\whw\AppData\Local\Temp\mvninstall7469050230778346318.pom to C:\Users\whw\.m2\repository\javax\management\jmxremote\1.0.1_04\jmxremote-1.0.1_04.pom
2017-08-19 10:17:26,024 [Worker-4] INFO  c.n.h.c.p.n.NettyAsyncHttpProvider - Number of application's worked threads is 8
2017-08-19 10:17:26,378 [New I/O client worker #76-1] INFO  o.e.m.c.i.e.AbstractTransferListenerAdapter - Downloaded http://repo.maven.apache.org/maven2/javax/management/jmxremote_optional/1.0.1_04/jmxremote_optional-1.0.1_04.jar
2017-08-19 10:17:26,409 [Worker-4] INFO  o.e.m.c.i.embedder.EclipseLogger - Installing E:\MyEclipse Professional 2014\configuration\org.eclipse.osgi\bundles\104\1\.cp\data\1.2\lib\dependencies\jmx\jmxremote_optional.jar to C:\Users\whw\.m2\repository\javax\management\jmxremote_optional\1.0.1_04\jmxremote_optional-1.0.1_04.jar
2017-08-19 10:17:26,463 [Worker-4] INFO  o.e.m.c.i.embedder.EclipseLogger - Installing C:\Users\whw\AppData\Local\Temp\mvninstall8798326147266997419.pom to C:\Users\whw\.m2\repository\javax\management\jmxremote_optional\1.0.1_04\jmxremote_optional-1.0.1_04.pom
2017-08-19 10:17:26,478 [Worker-4] INFO  c.n.h.c.p.n.NettyAsyncHttpProvider - Number of application's worked threads is 8
2017-08-19 10:17:26,848 [New I/O client worker #77-1] INFO  o.e.m.c.i.e.AbstractTransferListenerAdapter - Downloaded http://repo.maven.apache.org/maven2/javax/management/jmxri/1.2.1/jmxri-1.2.1.jar
2017-08-19 10:17:26,879 [Worker-4] INFO  o.e.m.c.i.embedder.EclipseLogger - Installing E:\MyEclipse Professional 2014\configuration\org.eclipse.osgi\bundles\104\1\.cp\data\1.2\lib\dependencies\jmx\jmxri.jar to C:\Users\whw\.m2\repository\javax\management\jmxri\1.2.1\jmxri-1.2.1.jar
2017-08-19 10:17:26,948 [Worker-4] INFO  o.e.m.c.i.embedder.EclipseLogger - Installing C:\Users\whw\AppData\Local\Temp\mvninstall6198814687039828459.pom to C:\Users\whw\.m2\repository\javax\management\jmxri\1.2.1\jmxri-1.2.1.pom
2017-08-19 10:17:26,964 [Worker-4] INFO  c.n.h.c.p.n.NettyAsyncHttpProvider - Number of application's worked threads is 8
2017-08-19 10:17:27,344 [New I/O client worker #78-1] INFO  o.e.m.c.i.e.AbstractTransferListenerAdapter - Downloaded http://repo.maven.apache.org/maven2/jdo/jdo/1.0.1/jdo-1.0.1.jar
2017-08-19 10:17:27,364 [Worker-4] INFO  o.e.m.c.i.embedder.EclipseLogger - Installing E:\MyEclipse Professional 2014\configuration\org.eclipse.osgi\bundles\104\1\.cp\data\1.2\lib\dependencies\jdo\jdo2.jar to C:\Users\whw\.m2\repository\jdo\jdo\1.0.1\jdo-1.0.1.jar
2017-08-19 10:17:27,480 [Worker-4] INFO  o.e.m.c.i.embedder.EclipseLogger - Installing C:\Users\whw\AppData\Local\Temp\mvninstall879376612501026885.pom to C:\Users\whw\.m2\repository\jdo\jdo\1.0.1\jdo-1.0.1.pom
2017-08-19 10:17:27,480 [Worker-4] INFO  c.n.h.c.p.n.NettyAsyncHttpProvider - Number of application's worked threads is 8
2017-08-19 10:17:27,827 [New I/O client worker #79-1] INFO  o.e.m.c.i.e.AbstractTransferListenerAdapter - Downloaded http://repo.maven.apache.org/maven2/com/bea/wlplatform/commonj-twm/1.1/commonj-twm-1.1.jar
2017-08-19 10:17:27,849 [Worker-4] INFO  o.e.m.c.i.embedder.EclipseLogger - Installing E:\MyEclipse Professional 2014\configuration\org.eclipse.osgi\bundles\104\1\.cp\data\2.0\lib\commonj\commonj-twm.jar to C:\Users\whw\.m2\repository\com\bea\wlplatform\commonj-twm\1.1\commonj-twm-1.1.jar
2017-08-19 10:17:27,896 [Worker-4] INFO  o.e.m.c.i.embedder.EclipseLogger - Installing C:\Users\whw\AppData\Local\Temp\mvninstall1054194531533341590.pom to C:\Users\whw\.m2\repository\com\bea\wlplatform\commonj-twm\1.1\commonj-twm-1.1.pom
2017-08-19 10:17:27,896 [Worker-4] INFO  c.n.h.c.p.n.NettyAsyncHttpProvider - Number of application's worked threads is 8
2017-08-19 10:17:28,250 [New I/O client worker #80-1] INFO  o.e.m.c.i.e.AbstractTransferListenerAdapter - Downloaded http://repo.maven.apache.org/maven2/com/oracle/toplink/toplink/10.1.3/toplink-10.1.3.jar
2017-08-19 10:17:28,282 [Worker-4] INFO  o.e.m.c.i.embedder.EclipseLogger - Installing E:\MyEclipse Professional 2014\configuration\org.eclipse.osgi\bundles\104\1\.cp\data\2.0\lib\toplink\toplink-api.jar to C:\Users\whw\.m2\repository\com\oracle\toplink\toplink\10.1.3\toplink-10.1.3.jar
2017-08-19 10:17:28,366 [Worker-4] INFO  o.e.m.c.i.embedder.EclipseLogger - Installing C:\Users\whw\AppData\Local\Temp\mvninstall2618295367016666446.pom to C:\Users\whw\.m2\repository\com\oracle\toplink\toplink\10.1.3\toplink-10.1.3.pom
2017-08-19 10:17:28,366 [Worker-4] INFO  c.n.h.c.p.n.NettyAsyncHttpProvider - Number of application's worked threads is 8
2017-08-19 10:17:28,697 [New I/O client worker #81-1] INFO  o.e.m.c.i.e.AbstractTransferListenerAdapter - Downloaded http://repo.maven.apache.org/maven2/org/codehaus/groovy/1.0/groovy-1.0.jar
2017-08-19 10:17:28,728 [Worker-4] INFO  o.e.m.c.i.embedder.EclipseLogger - Installing E:\MyEclipse Professional 2014\configuration\org.eclipse.osgi\bundles\104\1\.cp\data\2.0\lib\groovy\groovy-1.0.jar to C:\Users\whw\.m2\repository\org\codehaus\groovy\1.0\groovy-1.0.jar
2017-08-19 10:17:28,829 [Worker-4] INFO  o.e.m.c.i.embedder.EclipseLogger - Installing C:\Users\whw\AppData\Local\Temp\mvninstall1229637459584726127.pom to C:\Users\whw\.m2\repository\org\codehaus\groovy\1.0\groovy-1.0.pom
2017-08-19 10:17:28,847 [Worker-4] INFO  c.n.h.c.p.n.NettyAsyncHttpProvider - Number of application's worked threads is 8
2017-08-19 10:17:29,166 [New I/O client worker #82-1] INFO  o.e.m.c.i.e.AbstractTransferListenerAdapter - Downloaded http://repo.maven.apache.org/maven2/org/springframework/security/org.springframework.security.core/3.0.5.RELEASE/org.springframework.security.core-3.0.5.RELEASE.jar
2017-08-19 10:17:29,213 [Worker-4] INFO  o.e.m.c.i.embedder.EclipseLogger - Installing E:\MyEclipse Professional 2014\configuration\org.eclipse.osgi\bundles\105\1\.cp\data\security-3.0\spring-security-core-3.0.5.RELEASE.jar to C:\Users\whw\.m2\repository\org\springframework\security\org.springframework.security.core\3.0.5.RELEASE\org.springframework.security.core-3.0.5.RELEASE.jar
2017-08-19 10:17:29,266 [Worker-4] INFO  o.e.m.c.i.embedder.EclipseLogger - Installing C:\Users\whw\AppData\Local\Temp\mvninstall4788422395254253935.pom to C:\Users\whw\.m2\repository\org\springframework\security\org.springframework.security.core\3.0.5.RELEASE\org.springframework.security.core-3.0.5.RELEASE.pom
2017-08-19 10:17:29,266 [Worker-4] INFO  c.n.h.c.p.n.NettyAsyncHttpProvider - Number of application's worked threads is 8
2017-08-19 10:17:29,651 [New I/O client worker #83-1] INFO  o.e.m.c.i.e.AbstractTransferListenerAdapter - Downloaded http://repo.maven.apache.org/maven2/org/springframework/security/org.springframework.security.web/3.0.5.RELEASE/org.springframework.security.web-3.0.5.RELEASE.jar
2017-08-19 10:17:29,682 [Worker-4] INFO  o.e.m.c.i.embedder.EclipseLogger - Installing E:\MyEclipse Professional 2014\configuration\org.eclipse.osgi\bundles\105\1\.cp\data\security-3.0\spring-security-web-3.0.5.RELEASE.jar to C:\Users\whw\.m2\repository\org\springframework\security\org.springframework.security.web\3.0.5.RELEASE\org.springframework.security.web-3.0.5.RELEASE.jar
2017-08-19 10:17:29,729 [Worker-4] INFO  o.e.m.c.i.embedder.EclipseLogger - Installing C:\Users\whw\AppData\Local\Temp\mvninstall5640815685965807711.pom to C:\Users\whw\.m2\repository\org\springframework\security\org.springframework.security.web\3.0.5.RELEASE\org.springframework.security.web-3.0.5.RELEASE.pom
2017-08-19 10:17:29,745 [Worker-4] INFO  c.n.h.c.p.n.NettyAsyncHttpProvider - Number of application's worked threads is 8
2017-08-19 10:17:30,051 [New I/O client worker #84-1] INFO  o.e.m.c.i.e.AbstractTransferListenerAdapter - Downloaded http://repo.maven.apache.org/maven2/org/springframework/security/org.springframework.security.config/3.0.5.RELEASE/org.springframework.security.config-3.0.5.RELEASE.jar
2017-08-19 10:17:30,082 [Worker-4] INFO  o.e.m.c.i.embedder.EclipseLogger - Installing E:\MyEclipse Professional 2014\configuration\org.eclipse.osgi\bundles\105\1\.cp\data\security-3.0\spring-security-config-3.0.5.RELEASE.jar to C:\Users\whw\.m2\repository\org\springframework\security\org.springframework.security.config\3.0.5.RELEASE\org.springframework.security.config-3.0.5.RELEASE.jar
2017-08-19 10:17:30,149 [Worker-4] INFO  o.e.m.c.i.embedder.EclipseLogger - Installing C:\Users\whw\AppData\Local\Temp\mvninstall8649124523556395869.pom to C:\Users\whw\.m2\repository\org\springframework\security\org.springframework.security.config\3.0.5.RELEASE\org.springframework.security.config-3.0.5.RELEASE.pom
2017-08-19 10:17:30,151 [Worker-4] INFO  c.n.h.c.p.n.NettyAsyncHttpProvider - Number of application's worked threads is 8
2017-08-19 10:17:30,482 [New I/O client worker #85-1] INFO  o.e.m.c.i.e.AbstractTransferListenerAdapter - Downloaded http://repo.maven.apache.org/maven2/org/springframework/security/org.springframework.security.ldap/3.0.5.RELEASE/org.springframework.security.ldap-3.0.5.RELEASE.jar
2017-08-19 10:17:30,498 [Worker-4] INFO  o.e.m.c.i.embedder.EclipseLogger - Installing E:\MyEclipse Professional 2014\configuration\org.eclipse.osgi\bundles\105\1\.cp\data\security-3.0\spring-security-ldap-3.0.5.RELEASE.jar to C:\Users\whw\.m2\repository\org\springframework\security\org.springframework.security.ldap\3.0.5.RELEASE\org.springframework.security.ldap-3.0.5.RELEASE.jar
2017-08-19 10:17:30,529 [Worker-4] INFO  o.e.m.c.i.embedder.EclipseLogger - Installing C:\Users\whw\AppData\Local\Temp\mvninstall484519464577472013.pom to C:\Users\whw\.m2\repository\org\springframework\security\org.springframework.security.ldap\3.0.5.RELEASE\org.springframework.security.ldap-3.0.5.RELEASE.pom
2017-08-19 10:17:30,546 [Worker-4] INFO  c.n.h.c.p.n.NettyAsyncHttpProvider - Number of application's worked threads is 8
2017-08-19 10:17:30,898 [New I/O client worker #86-1] INFO  o.e.m.c.i.e.AbstractTransferListenerAdapter - Downloaded http://repo.maven.apache.org/maven2/org/springframework/security/org.springframework.security.taglibs/3.0.5.RELEASE/org.springframework.security.taglibs-3.0.5.RELEASE.jar
2017-08-19 10:17:30,945 [Worker-4] INFO  o.e.m.c.i.embedder.EclipseLogger - Installing E:\MyEclipse Professional 2014\configuration\org.eclipse.osgi\bundles\105\1\.cp\data\security-3.0\spring-security-taglibs-3.0.5.RELEASE.jar to C:\Users\whw\.m2\repository\org\springframework\security\org.springframework.security.taglibs\3.0.5.RELEASE\org.springframework.security.taglibs-3.0.5.RELEASE.jar
2017-08-19 10:17:31,067 [Worker-4] INFO  o.e.m.c.i.embedder.EclipseLogger - Installing C:\Users\whw\AppData\Local\Temp\mvninstall7230626308959548872.pom to C:\Users\whw\.m2\repository\org\springframework\security\org.springframework.security.taglibs\3.0.5.RELEASE\org.springframework.security.taglibs-3.0.5.RELEASE.pom
2017-08-19 10:17:31,067 [Worker-4] INFO  c.n.h.c.p.n.NettyAsyncHttpProvider - Number of application's worked threads is 8
2017-08-19 10:17:31,352 [New I/O client worker #87-1] INFO  o.e.m.c.i.e.AbstractTransferListenerAdapter - Downloaded http://repo.maven.apache.org/maven2/com/bea/commonj/com.springsource.commonj/1.1.0/com.springsource.commonj-1.1.0.jar
2017-08-19 10:17:31,368 [Worker-4] INFO  o.e.m.c.i.embedder.EclipseLogger - Installing E:\MyEclipse Professional 2014\configuration\org.eclipse.osgi\bundles\105\1\.cp\data\3.0\lib\misc\com.springsource.commonj-1.1.0.jar to C:\Users\whw\.m2\repository\com\bea\commonj\com.springsource.commonj\1.1.0\com.springsource.commonj-1.1.0.jar
2017-08-19 10:17:31,399 [Worker-4] INFO  o.e.m.c.i.embedder.EclipseLogger - Installing C:\Users\whw\AppData\Local\Temp\mvninstall6116644052804316771.pom to C:\Users\whw\.m2\repository\com\bea\commonj\com.springsource.commonj\1.1.0\com.springsource.commonj-1.1.0.pom
2017-08-19 10:17:31,415 [Worker-4] INFO  c.n.h.c.p.n.NettyAsyncHttpProvider - Number of application's worked threads is 8
2017-08-19 10:17:31,752 [New I/O client worker #88-1] INFO  o.e.m.c.i.e.AbstractTransferListenerAdapter - Downloaded http://repo.maven.apache.org/maven2/com/opensymphony/quartz/com.springsource.org.quartz/1.6.2/com.springsource.org.quartz-1.6.2.jar
2017-08-19 10:17:31,799 [Worker-4] INFO  o.e.m.c.i.embedder.EclipseLogger - Installing E:\MyEclipse Professional 2014\configuration\org.eclipse.osgi\bundles\105\1\.cp\data\3.0\lib\misc\com.springsource.org.quartz-1.6.2.jar to C:\Users\whw\.m2\repository\com\opensymphony\quartz\com.springsource.org.quartz\1.6.2\com.springsource.org.quartz-1.6.2.jar
2017-08-19 10:17:31,849 [Worker-4] INFO  o.e.m.c.i.embedder.EclipseLogger - Installing C:\Users\whw\AppData\Local\Temp\mvninstall4841868410060525103.pom to C:\Users\whw\.m2\repository\com\opensymphony\quartz\com.springsource.org.quartz\1.6.2\com.springsource.org.quartz-1.6.2.pom
2017-08-19 10:17:31,852 [Worker-4] INFO  c.n.h.c.p.n.NettyAsyncHttpProvider - Number of application's worked threads is 8
2017-08-19 10:17:32,231 [New I/O client worker #89-1] INFO  o.e.m.c.i.e.AbstractTransferListenerAdapter - Downloaded http://repo.maven.apache.org/maven2/javax/jdo/jdo2-api/2.1.0/jdo2-api-2.1.0.jar
2017-08-19 10:17:32,253 [Worker-4] INFO  o.e.m.c.i.embedder.EclipseLogger - Installing E:\MyEclipse Professional 2014\configuration\org.eclipse.osgi\bundles\105\1\.cp\data\3.0\lib\persistJDO\com.springsource.javax.jdo-2.1.0.jar to C:\Users\whw\.m2\repository\javax\jdo\jdo2-api\2.1.0\jdo2-api-2.1.0.jar
2017-08-19 10:17:32,315 [Worker-4] INFO  o.e.m.c.i.embedder.EclipseLogger - Installing C:\Users\whw\AppData\Local\Temp\mvninstall5613338216911035556.pom to C:\Users\whw\.m2\repository\javax\jdo\jdo2-api\2.1.0\jdo2-api-2.1.0.pom
2017-08-19 10:17:32,315 [Worker-4] INFO  c.n.h.c.p.n.NettyAsyncHttpProvider - Number of application's worked threads is 8
2017-08-19 10:17:32,600 [New I/O client worker #90-1] INFO  o.e.m.c.i.e.AbstractTransferListenerAdapter - Downloaded http://repo.maven.apache.org/maven2/com/caucho/com.springsource.com.caucho/3.2.1/com.springsource.com.caucho-3.2.1.jar
2017-08-19 10:17:32,616 [Worker-4] INFO  o.e.m.c.i.embedder.EclipseLogger - Installing E:\MyEclipse Professional 2014\configuration\org.eclipse.osgi\bundles\105\1\.cp\data\3.0\lib\remoting\com.springsource.com.caucho-3.2.1.jar to C:\Users\whw\.m2\repository\com\caucho\com.springsource.com.caucho\3.2.1\com.springsource.com.caucho-3.2.1.jar
2017-08-19 10:17:32,653 [Worker-4] INFO  o.e.m.c.i.embedder.EclipseLogger - Installing C:\Users\whw\AppData\Local\Temp\mvninstall7949324029764862160.pom to C:\Users\whw\.m2\repository\com\caucho\com.springsource.com.caucho\3.2.1\com.springsource.com.caucho-3.2.1.pom
2017-08-19 10:17:32,669 [Worker-4] INFO  c.n.h.c.p.n.NettyAsyncHttpProvider - Number of application's worked threads is 8
2017-08-19 10:17:32,940 [New I/O client worker #91-1] INFO  o.e.m.c.i.e.AbstractTransferListenerAdapter - Downloaded http://repo.maven.apache.org/maven2/org/codehaus/jackson/com.springsource.org.codehaus.jackson.mapper/1.0.0/com.springsource.org.codehaus.jackson.mapper-1.0.0.jar
2017-08-19 10:17:32,956 [Worker-4] INFO  o.e.m.c.i.embedder.EclipseLogger - Installing E:\MyEclipse Professional 2014\configuration\org.eclipse.osgi\bundles\105\1\.cp\data\3.0\lib\web\com.springsource.org.codehaus.jackson.mapper-1.0.0.jar to C:\Users\whw\.m2\repository\org\codehaus\jackson\com.springsource.org.codehaus.jackson.mapper\1.0.0\com.springsource.org.codehaus.jackson.mapper-1.0.0.jar
2017-08-19 10:17:32,994 [Worker-4] INFO  o.e.m.c.i.embedder.EclipseLogger - Installing C:\Users\whw\AppData\Local\Temp\mvninstall1070325878984174146.pom to C:\Users\whw\.m2\repository\org\codehaus\jackson\com.springsource.org.codehaus.jackson.mapper\1.0.0\com.springsource.org.codehaus.jackson.mapper-1.0.0.pom
2017-08-19 10:17:33,009 [Worker-4] INFO  c.n.h.c.p.n.NettyAsyncHttpProvider - Number of application's worked threads is 8
2017-08-19 10:17:33,309 [New I/O client worker #92-1] INFO  o.e.m.c.i.e.AbstractTransferListenerAdapter - Downloaded http://repo.maven.apache.org/maven2/org/junit/com.springsource.org.junit/4.7.0/com.springsource.org.junit-4.7.0.jar
2017-08-19 10:17:33,341 [Worker-4] INFO  o.e.m.c.i.embedder.EclipseLogger - Installing E:\MyEclipse Professional 2014\configuration\org.eclipse.osgi\bundles\105\1\.cp\data\3.0\lib\test\com.springsource.org.junit-4.7.0.jar to C:\Users\whw\.m2\repository\org\junit\com.springsource.org.junit\4.7.0\com.springsource.org.junit-4.7.0.jar
2017-08-19 10:17:33,410 [Worker-4] INFO  o.e.m.c.i.embedder.EclipseLogger - Installing C:\Users\whw\AppData\Local\Temp\mvninstall689859458386648163.pom to C:\Users\whw\.m2\repository\org\junit\com.springsource.org.junit\4.7.0\com.springsource.org.junit-4.7.0.pom
2017-08-19 10:17:33,410 [Worker-4] INFO  c.n.h.c.p.n.NettyAsyncHttpProvider - Number of application's worked threads is 8
2017-08-19 10:17:33,741 [New I/O client worker #93-1] INFO  o.e.m.c.i.e.AbstractTransferListenerAdapter - Downloaded http://repo.maven.apache.org/maven2/javax/inject/com.springsource.javax.inject/1.0.0/com.springsource.javax.inject-1.0.0.jar
2017-08-19 10:17:33,772 [Worker-4] INFO  o.e.m.c.i.embedder.EclipseLogger - Installing E:\MyEclipse Professional 2014\configuration\org.eclipse.osgi\bundles\105\1\.cp\data\3.0\lib\test\com.springsource.javax.inject-1.0.0.jar to C:\Users\whw\.m2\repository\javax\inject\com.springsource.javax.inject\1.0.0\com.springsource.javax.inject-1.0.0.jar
2017-08-19 10:17:33,825 [Worker-4] INFO  o.e.m.c.i.embedder.EclipseLogger - Installing C:\Users\whw\AppData\Local\Temp\mvninstall3983068136391487903.pom to C:\Users\whw\.m2\repository\javax\inject\com.springsource.javax.inject\1.0.0\com.springsource.javax.inject-1.0.0.pom
2017-08-19 10:17:33,825 [Worker-4] INFO  c.n.h.c.p.n.NettyAsyncHttpProvider - Number of application's worked threads is 8
2017-08-19 10:17:34,110 [New I/O client worker #94-1] INFO  o.e.m.c.i.e.AbstractTransferListenerAdapter - Downloaded http://repo.maven.apache.org/maven2/org/apache/commons/com.springsource.org.apache.commons.lang/2.4.0/com.springsource.org.apache.commons.lang-2.4.0.jar
2017-08-19 10:17:34,141 [Worker-4] INFO  o.e.m.c.i.embedder.EclipseLogger - Installing E:\MyEclipse Professional 2014\configuration\org.eclipse.osgi\bundles\105\1\.cp\data\3.0\lib\persistJdbc\com.springsource.org.apache.commons.lang-2.4.0.jar to C:\Users\whw\.m2\repository\org\apache\commons\com.springsource.org.apache.commons.lang\2.4.0\com.springsource.org.apache.commons.lang-2.4.0.jar
2017-08-19 10:17:34,194 [Worker-4] INFO  o.e.m.c.i.embedder.EclipseLogger - Installing C:\Users\whw\AppData\Local\Temp\mvninstall1964444104265163207.pom to C:\Users\whw\.m2\repository\org\apache\commons\com.springsource.org.apache.commons.lang\2.4.0\com.springsource.org.apache.commons.lang-2.4.0.pom
2017-08-19 10:17:34,210 [Worker-4] INFO  c.n.h.c.p.n.NettyAsyncHttpProvider - Number of application's worked threads is 8
2017-08-19 10:17:34,494 [New I/O client worker #95-1] INFO  o.e.m.c.i.e.AbstractTransferListenerAdapter - Downloaded http://repo.maven.apache.org/maven2/com/sun/jdmk/jmxtools/1.2.1/jmxtools-1.2.1.jar
2017-08-19 10:17:34,526 [Worker-4] INFO  o.e.m.c.i.embedder.EclipseLogger - Installing E:\MyEclipse Professional 2014\configuration\org.eclipse.osgi\bundles\105\1\.cp\data\3.0\lib\core\jmxtools-1.2.1.jar to C:\Users\whw\.m2\repository\com\sun\jdmk\jmxtools\1.2.1\jmxtools-1.2.1.jar
2017-08-19 10:17:34,626 [Worker-4] INFO  o.e.m.c.i.embedder.EclipseLogger - Installing C:\Users\whw\AppData\Local\Temp\mvninstall8434828482938973791.pom to C:\Users\whw\.m2\repository\com\sun\jdmk\jmxtools\1.2.1\jmxtools-1.2.1.pom
2017-08-19 10:17:34,642 [Worker-4] INFO  c.n.h.c.p.n.NettyAsyncHttpProvider - Number of application's worked threads is 8
2017-08-19 10:17:34,957 [New I/O client worker #96-1] INFO  o.e.m.c.i.e.AbstractTransferListenerAdapter - Downloaded http://repo.maven.apache.org/maven2/org/aspectj/aspectjweaver/1.6.8.RELEASE/aspectjweaver-1.6.8.RELEASE.jar
2017-08-19 10:17:34,957 [Worker-4] INFO  o.e.m.c.i.embedder.EclipseLogger - Installing E:\MyEclipse Professional 2014\configuration\org.eclipse.osgi\bundles\105\1\.cp\data\3.0\lib\aop\com.springsource.org.aspectj.weaver-1.6.8.RELEASE.jar to C:\Users\whw\.m2\repository\org\aspectj\aspectjweaver\1.6.8.RELEASE\aspectjweaver-1.6.8.RELEASE.jar
2017-08-19 10:17:35,011 [Worker-4] INFO  o.e.m.c.i.embedder.EclipseLogger - Installing C:\Users\whw\AppData\Local\Temp\mvninstall2117300635003573796.pom to C:\Users\whw\.m2\repository\org\aspectj\aspectjweaver\1.6.8.RELEASE\aspectjweaver-1.6.8.RELEASE.pom
2017-08-19 10:17:35,026 [Worker-4] INFO  c.n.h.c.p.n.NettyAsyncHttpProvider - Number of application's worked threads is 8
2017-08-19 10:17:35,327 [New I/O client worker #97-1] INFO  o.e.m.c.i.e.AbstractTransferListenerAdapter - Downloaded http://repo.maven.apache.org/maven2/com/google/code/guice/guice/2.0/guice-2.0.jar
2017-08-19 10:17:35,358 [Worker-4] INFO  o.e.m.c.i.embedder.EclipseLogger - Installing E:\MyEclipse Professional 2014\configuration\org.eclipse.osgi\bundles\106\1\.cp\data\security-3.1\deps\guice-2.0.jar to C:\Users\whw\.m2\repository\com\google\code\guice\guice\2.0\guice-2.0.jar
2017-08-19 10:17:35,396 [Worker-4] INFO  o.e.m.c.i.embedder.EclipseLogger - Installing C:\Users\whw\AppData\Local\Temp\mvninstall1014767478754176517.pom to C:\Users\whw\.m2\repository\com\google\code\guice\guice\2.0\guice-2.0.pom
2017-08-19 10:17:35,427 [Worker-4] INFO  c.n.h.c.p.n.NettyAsyncHttpProvider - Number of application's worked threads is 8
2017-08-19 10:17:35,714 [New I/O client worker #98-1] INFO  o.e.m.c.i.e.AbstractTransferListenerAdapter - Downloaded http://repo.maven.apache.org/maven2/jdo/jdori/1.0.1/jdori-1.0.1.jar
2017-08-19 10:17:35,730 [Worker-4] INFO  o.e.m.c.i.embedder.EclipseLogger - Installing E:\MyEclipse Professional 2014\configuration\org.eclipse.osgi\bundles\108\1\.cp\dependencies\jdori-1.0.1.jar to C:\Users\whw\.m2\repository\jdo\jdori\1.0.1\jdori-1.0.1.jar
2017-08-19 10:17:35,776 [Worker-4] INFO  o.e.m.c.i.embedder.EclipseLogger - Installing C:\Users\whw\AppData\Local\Temp\mvninstall6651257711217194154.pom to C:\Users\whw\.m2\repository\jdo\jdori\1.0.1\jdori-1.0.1.pom
2017-08-19 10:17:35,776 [Worker-4] INFO  c.n.h.c.p.n.NettyAsyncHttpProvider - Number of application's worked threads is 8
2017-08-19 10:17:36,102 [New I/O client worker #99-1] INFO  o.e.m.c.i.e.AbstractTransferListenerAdapter - Downloaded http://repo.maven.apache.org/maven2/javax/jws/jsr181/1.0/jsr181-1.0.jar
2017-08-19 10:17:36,134 [Worker-4] INFO  o.e.m.c.i.embedder.EclipseLogger - Installing E:\MyEclipse Professional 2014\configuration\org.eclipse.osgi\bundles\108\1\.cp\dependencies\jsr181-api.jar to C:\Users\whw\.m2\repository\javax\jws\jsr181\1.0\jsr181-1.0.jar
2017-08-19 10:17:36,181 [Worker-4] INFO  o.e.m.c.i.embedder.EclipseLogger - Installing C:\Users\whw\AppData\Local\Temp\mvninstall6897988777423554548.pom to C:\Users\whw\.m2\repository\javax\jws\jsr181\1.0\jsr181-1.0.pom
2017-08-19 10:17:36,203 [Worker-4] INFO  c.n.h.c.p.n.NettyAsyncHttpProvider - Number of application's worked threads is 8
2017-08-19 10:17:36,504 [New I/O client worker #100-1] INFO  o.e.m.c.i.e.AbstractTransferListenerAdapter - Downloaded http://repo.maven.apache.org/maven2/javax/xml/jaxr-api/1.0_03/jaxr-api-1.0_03.jar
2017-08-19 10:17:36,536 [Worker-4] INFO  o.e.m.c.i.embedder.EclipseLogger - Installing E:\MyEclipse Professional 2014\configuration\org.eclipse.osgi\bundles\108\1\.cp\dependencies\jaxr-api.jar to C:\Users\whw\.m2\repository\javax\xml\jaxr-api\1.0_03\jaxr-api-1.0_03.jar
2017-08-19 10:17:36,582 [Worker-4] INFO  o.e.m.c.i.embedder.EclipseLogger - Installing C:\Users\whw\AppData\Local\Temp\mvninstall6949630657732371160.pom to C:\Users\whw\.m2\repository\javax\xml\jaxr-api\1.0_03\jaxr-api-1.0_03.pom
2017-08-19 10:17:36,605 [Worker-4] INFO  c.n.h.c.p.n.NettyAsyncHttpProvider - Number of application's worked threads is 8
2017-08-19 10:17:36,905 [New I/O client worker #101-1] INFO  o.e.m.c.i.e.AbstractTransferListenerAdapter - Downloaded http://repo.maven.apache.org/maven2/org/eclipse/persistence/eclipselink/1.0.2/eclipselink-1.0.2.jar
2017-08-19 10:17:36,920 [Worker-4] INFO  o.e.m.c.i.embedder.EclipseLogger - Installing E:\MyEclipse Professional 2014\configuration\org.eclipse.osgi\bundles\122\1\.cp\data\eclipselink\1.0\eclipselink.jar to C:\Users\whw\.m2\repository\org\eclipse\persistence\eclipselink\1.0.2\eclipselink-1.0.2.jar
2017-08-19 10:17:37,004 [Worker-4] INFO  o.e.m.c.i.embedder.EclipseLogger - Installing C:\Users\whw\AppData\Local\Temp\mvninstall2731315658081878540.pom to C:\Users\whw\.m2\repository\org\eclipse\persistence\eclipselink\1.0.2\eclipselink-1.0.2.pom
2017-08-19 10:17:37,005 [Worker-4] INFO  c.n.h.c.p.n.NettyAsyncHttpProvider - Number of application's worked threads is 8
2017-08-19 10:17:37,335 [New I/O client worker #102-1] INFO  o.e.m.c.i.e.AbstractTransferListenerAdapter - Downloaded http://repo.maven.apache.org/maven2/org/eclipse/persistence/javax.persistence/1.0.0/javax.persistence-1.0.0.jar
2017-08-19 10:17:37,367 [Worker-4] INFO  o.e.m.c.i.embedder.EclipseLogger - Installing E:\MyEclipse Professional 2014\configuration\org.eclipse.osgi\bundles\122\1\.cp\data\eclipselink\1.0\javax.persistence_1.0.0.jar to C:\Users\whw\.m2\repository\org\eclipse\persistence\javax.persistence\1.0.0\javax.persistence-1.0.0.jar
2017-08-19 10:17:37,405 [Worker-4] INFO  o.e.m.c.i.embedder.EclipseLogger - Installing C:\Users\whw\AppData\Local\Temp\mvninstall5163007866025671968.pom to C:\Users\whw\.m2\repository\org\eclipse\persistence\javax.persistence\1.0.0\javax.persistence-1.0.0.pom
2017-08-19 10:17:37,420 [Worker-4] INFO  c.n.h.c.p.n.NettyAsyncHttpProvider - Number of application's worked threads is 8
2017-08-19 10:17:37,751 [New I/O client worker #103-1] INFO  o.e.m.c.i.e.AbstractTransferListenerAdapter - Downloaded http://repo.maven.apache.org/maven2/javax/jms/jms/1.1/jms-1.1.jar
2017-08-19 10:17:37,782 [Worker-4] INFO  o.e.m.c.i.embedder.EclipseLogger - Installing E:\MyEclipse Professional 2014\configuration\org.eclipse.osgi\bundles\122\1\.cp\data\openjpa\0.9\geronimo-jms_1.1_spec-1.0.1.jar to C:\Users\whw\.m2\repository\javax\jms\jms\1.1\jms-1.1.jar
2017-08-19 10:17:37,835 [Worker-4] INFO  o.e.m.c.i.embedder.EclipseLogger - Installing C:\Users\whw\AppData\Local\Temp\mvninstall6549166042829251369.pom to C:\Users\whw\.m2\repository\javax\jms\jms\1.1\jms-1.1.pom
2017-08-19 10:17:37,835 [Worker-4] INFO  c.n.h.c.p.n.NettyAsyncHttpProvider - Number of application's worked threads is 8
2017-08-19 10:17:38,136 [New I/O client worker #104-1] INFO  o.e.m.c.i.e.AbstractTransferListenerAdapter - Downloaded http://repo.maven.apache.org/maven2/myeclipse/pluto-taglib/1.0.1/pluto-taglib-1.0.1.jar
2017-08-19 10:17:38,183 [Worker-4] INFO  o.e.m.c.i.embedder.EclipseLogger - Installing E:\MyEclipse Professional 2014\configuration\org.eclipse.osgi\bundles\123\1\.cp\data\lib\jsr168\pluto-taglib-1.0.1.jar to C:\Users\whw\.m2\repository\myeclipse\pluto-taglib\1.0.1\pluto-taglib-1.0.1.jar
2017-08-19 10:17:38,301 [Worker-4] INFO  o.e.m.c.i.embedder.EclipseLogger - Installing C:\Users\whw\AppData\Local\Temp\mvninstall1282624980435901994.pom to C:\Users\whw\.m2\repository\myeclipse\pluto-taglib\1.0.1\pluto-taglib-1.0.1.pom
2017-08-19 10:17:38,304 [Worker-4] INFO  c.n.h.c.p.n.NettyAsyncHttpProvider - Number of application's worked threads is 8
2017-08-19 10:17:38,605 [New I/O client worker #105-1] INFO  o.e.m.c.i.e.AbstractTransferListenerAdapter - Downloaded http://repo.maven.apache.org/maven2/myeclipse/pluto-taglib/2.0/pluto-taglib-2.0.jar
2017-08-19 10:17:38,620 [Worker-4] INFO  o.e.m.c.i.embedder.EclipseLogger - Installing E:\MyEclipse Professional 2014\configuration\org.eclipse.osgi\bundles\123\1\.cp\data\lib\jsr286\pluto-taglib-2.0.0.jar to C:\Users\whw\.m2\repository\myeclipse\pluto-taglib\2.0\pluto-taglib-2.0.jar
2017-08-19 10:17:38,652 [Worker-4] INFO  o.e.m.c.i.embedder.EclipseLogger - Installing C:\Users\whw\AppData\Local\Temp\mvninstall4721501043564278298.pom to C:\Users\whw\.m2\repository\myeclipse\pluto-taglib\2.0\pluto-taglib-2.0.pom
2017-08-19 10:17:38,652 [Worker-4] INFO  c.n.h.c.p.n.NettyAsyncHttpProvider - Number of application's worked threads is 8
2017-08-19 10:17:39,006 [New I/O client worker #106-1] INFO  o.e.m.c.i.e.AbstractTransferListenerAdapter - Downloaded http://repo.maven.apache.org/maven2/myeclipse-reports/chartengineapi/2.2.0/chartengineapi-2.2.0.jar
2017-08-19 10:17:39,021 [Worker-4] INFO  o.e.m.c.i.embedder.EclipseLogger - Installing E:\MyEclipse Professional 2014\configuration\org.eclipse.osgi\bundles\124\1\.cp\data\2.2\chartengineapi.jar to C:\Users\whw\.m2\repository\myeclipse-reports\chartengineapi\2.2.0\chartengineapi-2.2.0.jar
2017-08-19 10:17:39,121 [Worker-4] INFO  o.e.m.c.i.embedder.EclipseLogger - Installing C:\Users\whw\AppData\Local\Temp\mvninstall6497643668264159815.pom to C:\Users\whw\.m2\repository\myeclipse-reports\chartengineapi\2.2.0\chartengineapi-2.2.0.pom
2017-08-19 10:17:39,121 [Worker-4] INFO  c.n.h.c.p.n.NettyAsyncHttpProvider - Number of application's worked threads is 8
2017-08-19 10:17:39,452 [New I/O client worker #107-1] INFO  o.e.m.c.i.e.AbstractTransferListenerAdapter - Downloaded http://repo.maven.apache.org/maven2/myeclipse-reports/coreapi/2.2.0/coreapi-2.2.0.jar
2017-08-19 10:17:39,500 [Worker-4] INFO  o.e.m.c.i.embedder.EclipseLogger - Installing E:\MyEclipse Professional 2014\configuration\org.eclipse.osgi\bundles\124\1\.cp\data\2.2\coreapi.jar to C:\Users\whw\.m2\repository\myeclipse-reports\coreapi\2.2.0\coreapi-2.2.0.jar
2017-08-19 10:17:39,537 [Worker-4] INFO  o.e.m.c.i.embedder.EclipseLogger - Installing C:\Users\whw\AppData\Local\Temp\mvninstall2465602721756512121.pom to C:\Users\whw\.m2\repository\myeclipse-reports\coreapi\2.2.0\coreapi-2.2.0.pom
2017-08-19 10:17:39,537 [Worker-4] INFO  c.n.h.c.p.n.NettyAsyncHttpProvider - Number of application's worked threads is 8
2017-08-19 10:17:39,884 [New I/O client worker #108-1] INFO  o.e.m.c.i.e.AbstractTransferListenerAdapter - Downloaded http://repo.maven.apache.org/maven2/myeclipse-reports/dataadapterapi/2.2.0/dataadapterapi-2.2.0.jar
2017-08-19 10:17:39,921 [Worker-4] INFO  o.e.m.c.i.embedder.EclipseLogger - Installing E:\MyEclipse Professional 2014\configuration\org.eclipse.osgi\bundles\124\1\.cp\data\2.2\dataadapterapi.jar to C:\Users\whw\.m2\repository\myeclipse-reports\dataadapterapi\2.2.0\dataadapterapi-2.2.0.jar
2017-08-19 10:17:39,968 [Worker-4] INFO  o.e.m.c.i.embedder.EclipseLogger - Installing C:\Users\whw\AppData\Local\Temp\mvninstall4066469541145269287.pom to C:\Users\whw\.m2\repository\myeclipse-reports\dataadapterapi\2.2.0\dataadapterapi-2.2.0.pom
2017-08-19 10:17:39,984 [Worker-4] INFO  c.n.h.c.p.n.NettyAsyncHttpProvider - Number of application's worked threads is 8
2017-08-19 10:17:40,322 [New I/O client worker #109-1] INFO  o.e.m.c.i.e.AbstractTransferListenerAdapter - Downloaded http://repo.maven.apache.org/maven2/myeclipse-reports/dteapi/2.2.0/dteapi-2.2.0.jar
2017-08-19 10:17:40,338 [Worker-4] INFO  o.e.m.c.i.embedder.EclipseLogger - Installing E:\MyEclipse Professional 2014\configuration\org.eclipse.osgi\bundles\124\1\.cp\data\2.2\dteapi.jar to C:\Users\whw\.m2\repository\myeclipse-reports\dteapi\2.2.0\dteapi-2.2.0.jar
2017-08-19 10:17:40,384 [Worker-4] INFO  o.e.m.c.i.embedder.EclipseLogger - Installing C:\Users\whw\AppData\Local\Temp\mvninstall5653765144146955768.pom to C:\Users\whw\.m2\repository\myeclipse-reports\dteapi\2.2.0\dteapi-2.2.0.pom
2017-08-19 10:17:40,407 [Worker-4] INFO  c.n.h.c.p.n.NettyAsyncHttpProvider - Number of application's worked threads is 8
2017-08-19 10:17:40,770 [New I/O client worker #110-1] INFO  o.e.m.c.i.e.AbstractTransferListenerAdapter - Downloaded http://repo.maven.apache.org/maven2/myeclipse-reports/engineapi/2.2.0/engineapi-2.2.0.jar
2017-08-19 10:17:40,785 [Worker-4] INFO  o.e.m.c.i.embedder.EclipseLogger - Installing E:\MyEclipse Professional 2014\configuration\org.eclipse.osgi\bundles\124\1\.cp\data\2.2\engineapi.jar to C:\Users\whw\.m2\repository\myeclipse-reports\engineapi\2.2.0\engineapi-2.2.0.jar
2017-08-19 10:17:40,846 [Worker-4] INFO  o.e.m.c.i.embedder.EclipseLogger - Installing C:\Users\whw\AppData\Local\Temp\mvninstall8836592130648811870.pom to C:\Users\whw\.m2\repository\myeclipse-reports\engineapi\2.2.0\engineapi-2.2.0.pom
2017-08-19 10:17:40,860 [Worker-4] INFO  c.n.h.c.p.n.NettyAsyncHttpProvider - Number of application's worked threads is 8
2017-08-19 10:17:41,159 [New I/O client worker #111-1] INFO  o.e.m.c.i.e.AbstractTransferListenerAdapter - Downloaded http://repo.maven.apache.org/maven2/myeclipse-reports/modelapi/2.2.0/modelapi-2.2.0.jar
